#
# There is insufficient memory for the Java Runtime Environment to continue.
# Native memory allocation (malloc) failed to allocate 1048576 bytes for AllocateHeap
# Possible reasons:
#   The system is out of physical RAM or swap space
#   The process is running with CompressedOops enabled, and the Java Heap may be blocking the growth of the native heap
# Possible solutions:
#   Reduce memory load on the system
#   Increase physical memory or swap space
#   Check if swap backing store is full
#   Decrease Java heap size (-Xmx/-Xms)
#   Decrease number of Java threads
#   Decrease Java thread stack sizes (-Xss)
#   Set larger code cache with -XX:ReservedCodeCacheSize=
#   JVM is running with Unscaled Compressed Oops mode in which the Java heap is
#     placed in the first 4GB address space. The Java Heap base address is the
#     maximum limit for the native heap growth. Please use -XX:HeapBaseMinAddress
#     to set the Java Heap base and to place the Java Heap above 4GB virtual address.
# This output file may be truncated or incomplete.
#
#  Out of Memory Error (./open/src/hotspot/share/memory/allocation.cpp:46), pid=12388, tid=17192
#
# JRE version: Java(TM) SE Runtime Environment 18.9 (11.0.16.1+1) (build 11.0.16.1+1-LTS-1)
# Java VM: Java HotSpot(TM) 64-Bit Server VM 18.9 (11.0.16.1+1-LTS-1, mixed mode, tiered, compressed oops, g1 gc, windows-amd64)
# No core dump will be written. Minidumps are not enabled by default on client versions of Windows
#

---------------  S U M M A R Y ------------

Command Line: -ea -Duser.language=en -Didea.test.cyclic.buffer.size=1048576 -javaagent:C:\Program Files\JetBrains\IntelliJ IDEA Community Edition 2022.3.2\lib\idea_rt.jar=49726:C:\Program Files\JetBrains\IntelliJ IDEA Community Edition 2022.3.2\bin -Dfile.encoding=UTF-8 com.intellij.rt.junit.JUnitStarter -ideVersion5 -junit4 Exercises.Assiment_Patch,pathRequest

Host: Intel(R) Core(TM) i5-1035G1 CPU @ 1.00GHz, 8 cores, 7G,  Windows 11 , 64 bit Build 22621 (10.0.22621.1635)
Time: Thu Jun  1 23:34:02 2023 Türkiye Standart Saati elapsed time: 0.804619 seconds (0d 0h 0m 0s)

---------------  T H R E A D  ---------------

Current thread (0x0000021e9e4bc000):  VMThread "VM Thread" [stack: 0x0000007763700000,0x0000007763800000] [id=17192]

Stack: [0x0000007763700000,0x0000007763800000]
[error occurred during error reporting (printing stack bounds), id 0xc0000005, EXCEPTION_ACCESS_VIOLATION (0xc0000005) at pc=0x0000021e875f10e7]

Native frames: (J=compiled Java code, j=interpreted, Vv=VM code, C=native code)
V  [jvm.dll+0x62a3da]
V  [jvm.dll+0x76407f]
V  [jvm.dll+0x765729]
V  [jvm.dll+0x765d15]
V  [jvm.dll+0x765ccb]
V  [jvm.dll+0x6298c3]
V  [jvm.dll+0x629fd8]
C  [ntdll.dll+0xa3cff]
C  [ntdll.dll+0x1e456]
C  [ntdll.dll+0xa2cee]
C  0x0000021e875f10e7

VM_Operation (0x00000077631f2970): CollectForMetadataAllocation, mode: safepoint, requested by thread 0x0000021ef8e06000


---------------  P R O C E S S  ---------------

Threads class SMR info:
_java_thread_list=0x0000021e9f281a00, length=12, elements={
0x0000021ef8e06000, 0x0000021e9e4e5800, 0x0000021e9e4f1800, 0x0000021e9e500000,
0x0000021e9e501000, 0x0000021e9ee63800, 0x0000021e9ee66800, 0x0000021e9ee67800,
0x0000021e9ee72800, 0x0000021e9efc8800, 0x0000021e9effa000, 0x0000021e9f1f7800
}

Java Threads: ( => current thread )
  0x0000021ef8e06000 JavaThread "main" [_thread_blocked, id=11632, stack(0x0000007763100000,0x0000007763200000)]
  0x0000021e9e4e5800 JavaThread "Reference Handler" daemon [_thread_blocked, id=11496, stack(0x0000007763800000,0x0000007763900000)]
  0x0000021e9e4f1800 JavaThread "Finalizer" daemon [_thread_blocked, id=19364, stack(0x0000007763900000,0x0000007763a00000)]
  0x0000021e9e500000 JavaThread "Signal Dispatcher" daemon [_thread_blocked, id=9384, stack(0x0000007763a00000,0x0000007763b00000)]
  0x0000021e9e501000 JavaThread "Attach Listener" daemon [_thread_blocked, id=17828, stack(0x0000007763b00000,0x0000007763c00000)]
  0x0000021e9ee63800 JavaThread "Service Thread" daemon [_thread_blocked, id=9256, stack(0x0000007763c00000,0x0000007763d00000)]
  0x0000021e9ee66800 JavaThread "C2 CompilerThread0" daemon [_thread_blocked, id=18352, stack(0x0000007763d00000,0x0000007763e00000)]
  0x0000021e9ee67800 JavaThread "C1 CompilerThread0" daemon [_thread_blocked, id=8176, stack(0x0000007763e00000,0x0000007763f00000)]
  0x0000021e9ee72800 JavaThread "Sweeper thread" daemon [_thread_blocked, id=16812, stack(0x0000007763f00000,0x0000007764000000)]
  0x0000021e9efc8800 JavaThread "Common-Cleaner" daemon [_thread_blocked, id=18380, stack(0x0000007764000000,0x0000007764100000)]
  0x0000021e9effa000 JavaThread "C2 CompilerThread1" daemon [_thread_blocked, id=10536, stack(0x0000007764100000,0x0000007764200000)]
  0x0000021e9f1f7800 JavaThread "Monitor Ctrl-Break" daemon [_thread_in_native, id=14936, stack(0x0000007764200000,0x0000007764300000)]

Other Threads:
=>0x0000021e9e4bc000 VMThread "VM Thread" [stack: 0x0000007763700000,0x0000007763800000] [id=17192]
  0x0000021e9f1f8800 WatcherThread [stack: 0x0000007764300000,0x0000007764400000] [id=5652]
  0x0000021ef8e1b000 GCTaskThread "GC Thread#0" [stack: 0x0000007763200000,0x0000007763300000] [id=11752]
  0x0000021ea0fbd800 GCTaskThread "GC Thread#1" [stack: 0x0000007764400000,0x0000007764500000] [id=7372]
  0x0000021ef8e4c000 ConcurrentGCThread "G1 Main Marker" [stack: 0x0000007763300000,0x0000007763400000] [id=1016]
  0x0000021ef8e4e000 ConcurrentGCThread "G1 Conc#0" [stack: 0x0000007763400000,0x0000007763500000] [id=12456]
  0x0000021ea0faa800 ConcurrentGCThread "G1 Conc#1" [stack: 0x0000007764500000,0x0000007764600000] [id=19644]
  0x0000021e9e314800 ConcurrentGCThread "G1 Refine#0" [stack: 0x0000007763500000,0x0000007763600000] [id=11188]
  0x0000021e9e317000 ConcurrentGCThread "G1 Young RemSet Sampling" [stack: 0x0000007763600000,0x0000007763700000] [id=20796]

Threads with active compile tasks:
C1 CompilerThread0      818  782       3       java.util.zip.ZipUtils::CENOFF (9 bytes)

VM state:at safepoint (normal execution)

VM Mutex/Monitor currently owned by a thread:  ([mutex/lock_event])
[0x0000021ef8e03a00] Threads_lock - owner thread: 0x0000021e9e4bc000
[0x0000021ef8e01f00] Heap_lock - owner thread: 0x0000021ef8e06000

Heap address: 0x0000000084000000, size: 1984 MB, Compressed Oops mode: 32-bit
Narrow klass base: 0x0000000000000000, Narrow klass shift: 3
Compressed class space size: 1073741824 Address: 0x0000000100000000

Heap:
 garbage-first heap   total 126976K, used 3166K [0x0000000084000000, 0x0000000100000000)
  region size 1024K, 3 young (3072K), 3 survivors (3072K)
 Metaspace       used 12517K, capacity 12692K, committed 12800K, reserved 1071104K
  class space    used 1118K, capacity 1213K, committed 1280K, reserved 1048576K
Heap Regions: E=young(eden), S=young(survivor), O=old, HS=humongous(starts), HC=humongous(continues), CS=collection set, F=free, A=archive, TAMS=top-at-mark-start (previous, next)
|   0|0x0000000084000000, 0x0000000084000000, 0x0000000084100000|  0%| F|  |TAMS 0x0000000084000000, 0x0000000084000000| Untracked 
|   1|0x0000000084100000, 0x0000000084100000, 0x0000000084200000|  0%| F|  |TAMS 0x0000000084100000, 0x0000000084100000| Untracked 
|   2|0x0000000084200000, 0x0000000084200000, 0x0000000084300000|  0%| F|  |TAMS 0x0000000084200000, 0x0000000084200000| Untracked 
|   3|0x0000000084300000, 0x0000000084317800, 0x0000000084400000|  9%| O|  |TAMS 0x0000000084300000, 0x0000000084317800| Untracked 
|   4|0x0000000084400000, 0x0000000084400000, 0x0000000084500000|  0%| F|  |TAMS 0x0000000084400000, 0x0000000084400000| Untracked 
|   5|0x0000000084500000, 0x0000000084500000, 0x0000000084600000|  0%| F|  |TAMS 0x0000000084500000, 0x0000000084500000| Untracked 
|   6|0x0000000084600000, 0x0000000084600000, 0x0000000084700000|  0%| F|  |TAMS 0x0000000084600000, 0x0000000084600000| Untracked 
|   7|0x0000000084700000, 0x0000000084700000, 0x0000000084800000|  0%| F|  |TAMS 0x0000000084700000, 0x0000000084700000| Untracked 
|   8|0x0000000084800000, 0x0000000084800000, 0x0000000084900000|  0%| F|  |TAMS 0x0000000084800000, 0x0000000084800000| Untracked 
|   9|0x0000000084900000, 0x0000000084900000, 0x0000000084a00000|  0%| F|  |TAMS 0x0000000084900000, 0x0000000084900000| Untracked 
|  10|0x0000000084a00000, 0x0000000084a00000, 0x0000000084b00000|  0%| F|  |TAMS 0x0000000084a00000, 0x0000000084a00000| Untracked 
|  11|0x0000000084b00000, 0x0000000084b00000, 0x0000000084c00000|  0%| F|  |TAMS 0x0000000084b00000, 0x0000000084b00000| Untracked 
|  12|0x0000000084c00000, 0x0000000084c00000, 0x0000000084d00000|  0%| F|  |TAMS 0x0000000084c00000, 0x0000000084c00000| Untracked 
|  13|0x0000000084d00000, 0x0000000084d00000, 0x0000000084e00000|  0%| F|  |TAMS 0x0000000084d00000, 0x0000000084d00000| Untracked 
|  14|0x0000000084e00000, 0x0000000084e00000, 0x0000000084f00000|  0%| F|  |TAMS 0x0000000084e00000, 0x0000000084e00000| Untracked 
|  15|0x0000000084f00000, 0x0000000084f00000, 0x0000000085000000|  0%| F|  |TAMS 0x0000000084f00000, 0x0000000084f00000| Untracked 
|  16|0x0000000085000000, 0x0000000085000000, 0x0000000085100000|  0%| F|  |TAMS 0x0000000085000000, 0x0000000085000000| Untracked 
|  17|0x0000000085100000, 0x0000000085100000, 0x0000000085200000|  0%| F|  |TAMS 0x0000000085100000, 0x0000000085100000| Untracked 
|  18|0x0000000085200000, 0x0000000085200000, 0x0000000085300000|  0%| F|  |TAMS 0x0000000085200000, 0x0000000085200000| Untracked 
|  19|0x0000000085300000, 0x0000000085300000, 0x0000000085400000|  0%| F|  |TAMS 0x0000000085300000, 0x0000000085300000| Untracked 
|  20|0x0000000085400000, 0x0000000085400000, 0x0000000085500000|  0%| F|  |TAMS 0x0000000085400000, 0x0000000085400000| Untracked 
|  21|0x0000000085500000, 0x0000000085500000, 0x0000000085600000|  0%| F|  |TAMS 0x0000000085500000, 0x0000000085500000| Untracked 
|  22|0x0000000085600000, 0x0000000085600000, 0x0000000085700000|  0%| F|  |TAMS 0x0000000085600000, 0x0000000085600000| Untracked 
|  23|0x0000000085700000, 0x0000000085700000, 0x0000000085800000|  0%| F|  |TAMS 0x0000000085700000, 0x0000000085700000| Untracked 
|  24|0x0000000085800000, 0x0000000085800000, 0x0000000085900000|  0%| F|  |TAMS 0x0000000085800000, 0x0000000085800000| Untracked 
|  25|0x0000000085900000, 0x0000000085900000, 0x0000000085a00000|  0%| F|  |TAMS 0x0000000085900000, 0x0000000085900000| Untracked 
|  26|0x0000000085a00000, 0x0000000085a00000, 0x0000000085b00000|  0%| F|  |TAMS 0x0000000085a00000, 0x0000000085a00000| Untracked 
|  27|0x0000000085b00000, 0x0000000085b00000, 0x0000000085c00000|  0%| F|  |TAMS 0x0000000085b00000, 0x0000000085b00000| Untracked 
|  28|0x0000000085c00000, 0x0000000085c00000, 0x0000000085d00000|  0%| F|  |TAMS 0x0000000085c00000, 0x0000000085c00000| Untracked 
|  29|0x0000000085d00000, 0x0000000085d00000, 0x0000000085e00000|  0%| F|  |TAMS 0x0000000085d00000, 0x0000000085d00000| Untracked 
|  30|0x0000000085e00000, 0x0000000085e00000, 0x0000000085f00000|  0%| F|  |TAMS 0x0000000085e00000, 0x0000000085e00000| Untracked 
|  31|0x0000000085f00000, 0x0000000085f00000, 0x0000000086000000|  0%| F|  |TAMS 0x0000000085f00000, 0x0000000085f00000| Untracked 
|  32|0x0000000086000000, 0x0000000086000000, 0x0000000086100000|  0%| F|  |TAMS 0x0000000086000000, 0x0000000086000000| Untracked 
|  33|0x0000000086100000, 0x0000000086100000, 0x0000000086200000|  0%| F|  |TAMS 0x0000000086100000, 0x0000000086100000| Untracked 
|  34|0x0000000086200000, 0x0000000086200000, 0x0000000086300000|  0%| F|  |TAMS 0x0000000086200000, 0x0000000086200000| Untracked 
|  35|0x0000000086300000, 0x0000000086300000, 0x0000000086400000|  0%| F|  |TAMS 0x0000000086300000, 0x0000000086300000| Untracked 
|  36|0x0000000086400000, 0x0000000086400000, 0x0000000086500000|  0%| F|  |TAMS 0x0000000086400000, 0x0000000086400000| Untracked 
|  37|0x0000000086500000, 0x0000000086500000, 0x0000000086600000|  0%| F|  |TAMS 0x0000000086500000, 0x0000000086500000| Untracked 
|  38|0x0000000086600000, 0x0000000086600000, 0x0000000086700000|  0%| F|  |TAMS 0x0000000086600000, 0x0000000086600000| Untracked 
|  39|0x0000000086700000, 0x0000000086700000, 0x0000000086800000|  0%| F|  |TAMS 0x0000000086700000, 0x0000000086700000| Untracked 
|  40|0x0000000086800000, 0x0000000086800000, 0x0000000086900000|  0%| F|  |TAMS 0x0000000086800000, 0x0000000086800000| Untracked 
|  41|0x0000000086900000, 0x0000000086900000, 0x0000000086a00000|  0%| F|  |TAMS 0x0000000086900000, 0x0000000086900000| Untracked 
|  42|0x0000000086a00000, 0x0000000086a00000, 0x0000000086b00000|  0%| F|  |TAMS 0x0000000086a00000, 0x0000000086a00000| Untracked 
|  43|0x0000000086b00000, 0x0000000086b00000, 0x0000000086c00000|  0%| F|  |TAMS 0x0000000086b00000, 0x0000000086b00000| Untracked 
|  44|0x0000000086c00000, 0x0000000086c00000, 0x0000000086d00000|  0%| F|  |TAMS 0x0000000086c00000, 0x0000000086c00000| Untracked 
|  45|0x0000000086d00000, 0x0000000086d00000, 0x0000000086e00000|  0%| F|  |TAMS 0x0000000086d00000, 0x0000000086d00000| Untracked 
|  46|0x0000000086e00000, 0x0000000086e00000, 0x0000000086f00000|  0%| F|  |TAMS 0x0000000086e00000, 0x0000000086e00000| Untracked 
|  47|0x0000000086f00000, 0x0000000086f00000, 0x0000000087000000|  0%| F|  |TAMS 0x0000000086f00000, 0x0000000086f00000| Untracked 
|  48|0x0000000087000000, 0x0000000087000000, 0x0000000087100000|  0%| F|  |TAMS 0x0000000087000000, 0x0000000087000000| Untracked 
|  49|0x0000000087100000, 0x0000000087100000, 0x0000000087200000|  0%| F|  |TAMS 0x0000000087100000, 0x0000000087100000| Untracked 
|  50|0x0000000087200000, 0x0000000087200000, 0x0000000087300000|  0%| F|  |TAMS 0x0000000087200000, 0x0000000087200000| Untracked 
|  51|0x0000000087300000, 0x0000000087300000, 0x0000000087400000|  0%| F|  |TAMS 0x0000000087300000, 0x0000000087300000| Untracked 
|  52|0x0000000087400000, 0x0000000087400000, 0x0000000087500000|  0%| F|  |TAMS 0x0000000087400000, 0x0000000087400000| Untracked 
|  53|0x0000000087500000, 0x0000000087500000, 0x0000000087600000|  0%| F|  |TAMS 0x0000000087500000, 0x0000000087500000| Untracked 
|  54|0x0000000087600000, 0x0000000087600000, 0x0000000087700000|  0%| F|  |TAMS 0x0000000087600000, 0x0000000087600000| Untracked 
|  55|0x0000000087700000, 0x0000000087700000, 0x0000000087800000|  0%| F|  |TAMS 0x0000000087700000, 0x0000000087700000| Untracked 
|  56|0x0000000087800000, 0x0000000087800000, 0x0000000087900000|  0%| F|  |TAMS 0x0000000087800000, 0x0000000087800000| Untracked 
|  57|0x0000000087900000, 0x0000000087900000, 0x0000000087a00000|  0%| F|  |TAMS 0x0000000087900000, 0x0000000087900000| Untracked 
|  58|0x0000000087a00000, 0x0000000087a00000, 0x0000000087b00000|  0%| F|  |TAMS 0x0000000087a00000, 0x0000000087a00000| Untracked 
|  59|0x0000000087b00000, 0x0000000087b00000, 0x0000000087c00000|  0%| F|  |TAMS 0x0000000087b00000, 0x0000000087b00000| Untracked 
|  60|0x0000000087c00000, 0x0000000087c00000, 0x0000000087d00000|  0%| F|  |TAMS 0x0000000087c00000, 0x0000000087c00000| Untracked 
|  61|0x0000000087d00000, 0x0000000087d00000, 0x0000000087e00000|  0%| F|  |TAMS 0x0000000087d00000, 0x0000000087d00000| Untracked 
|  62|0x0000000087e00000, 0x0000000087e00000, 0x0000000087f00000|  0%| F|  |TAMS 0x0000000087e00000, 0x0000000087e00000| Untracked 
|  63|0x0000000087f00000, 0x0000000087f00000, 0x0000000088000000|  0%| F|  |TAMS 0x0000000087f00000, 0x0000000087f00000| Untracked 
|  64|0x0000000088000000, 0x0000000088000000, 0x0000000088100000|  0%| F|  |TAMS 0x0000000088000000, 0x0000000088000000| Untracked 
|  65|0x0000000088100000, 0x0000000088100000, 0x0000000088200000|  0%| F|  |TAMS 0x0000000088100000, 0x0000000088100000| Untracked 
|  66|0x0000000088200000, 0x0000000088200000, 0x0000000088300000|  0%| F|  |TAMS 0x0000000088200000, 0x0000000088200000| Untracked 
|  67|0x0000000088300000, 0x0000000088300000, 0x0000000088400000|  0%| F|  |TAMS 0x0000000088300000, 0x0000000088300000| Untracked 
|  68|0x0000000088400000, 0x0000000088400000, 0x0000000088500000|  0%| F|  |TAMS 0x0000000088400000, 0x0000000088400000| Untracked 
|  69|0x0000000088500000, 0x0000000088500000, 0x0000000088600000|  0%| F|  |TAMS 0x0000000088500000, 0x0000000088500000| Untracked 
|  70|0x0000000088600000, 0x0000000088600000, 0x0000000088700000|  0%| F|  |TAMS 0x0000000088600000, 0x0000000088600000| Untracked 
|  71|0x0000000088700000, 0x0000000088700000, 0x0000000088800000|  0%| F|  |TAMS 0x0000000088700000, 0x0000000088700000| Untracked 
|  72|0x0000000088800000, 0x0000000088800000, 0x0000000088900000|  0%| F|  |TAMS 0x0000000088800000, 0x0000000088800000| Untracked 
|  73|0x0000000088900000, 0x0000000088900000, 0x0000000088a00000|  0%| F|  |TAMS 0x0000000088900000, 0x0000000088900000| Untracked 
|  74|0x0000000088a00000, 0x0000000088a00000, 0x0000000088b00000|  0%| F|  |TAMS 0x0000000088a00000, 0x0000000088a00000| Untracked 
|  75|0x0000000088b00000, 0x0000000088b00000, 0x0000000088c00000|  0%| F|  |TAMS 0x0000000088b00000, 0x0000000088b00000| Untracked 
|  76|0x0000000088c00000, 0x0000000088c00000, 0x0000000088d00000|  0%| F|  |TAMS 0x0000000088c00000, 0x0000000088c00000| Untracked 
|  77|0x0000000088d00000, 0x0000000088d00000, 0x0000000088e00000|  0%| F|  |TAMS 0x0000000088d00000, 0x0000000088d00000| Untracked 
|  78|0x0000000088e00000, 0x0000000088e00000, 0x0000000088f00000|  0%| F|  |TAMS 0x0000000088e00000, 0x0000000088e00000| Untracked 
|  79|0x0000000088f00000, 0x0000000088f00000, 0x0000000089000000|  0%| F|  |TAMS 0x0000000088f00000, 0x0000000088f00000| Untracked 
|  80|0x0000000089000000, 0x0000000089000000, 0x0000000089100000|  0%| F|  |TAMS 0x0000000089000000, 0x0000000089000000| Untracked 
|  81|0x0000000089100000, 0x0000000089100000, 0x0000000089200000|  0%| F|  |TAMS 0x0000000089100000, 0x0000000089100000| Untracked 
|  82|0x0000000089200000, 0x0000000089200000, 0x0000000089300000|  0%| F|  |TAMS 0x0000000089200000, 0x0000000089200000| Untracked 
|  83|0x0000000089300000, 0x0000000089300000, 0x0000000089400000|  0%| F|  |TAMS 0x0000000089300000, 0x0000000089300000| Untracked 
|  84|0x0000000089400000, 0x0000000089400000, 0x0000000089500000|  0%| F|  |TAMS 0x0000000089400000, 0x0000000089400000| Untracked 
|  85|0x0000000089500000, 0x0000000089500000, 0x0000000089600000|  0%| F|  |TAMS 0x0000000089500000, 0x0000000089500000| Untracked 
|  86|0x0000000089600000, 0x0000000089600000, 0x0000000089700000|  0%| F|  |TAMS 0x0000000089600000, 0x0000000089600000| Untracked 
|  87|0x0000000089700000, 0x0000000089700000, 0x0000000089800000|  0%| F|  |TAMS 0x0000000089700000, 0x0000000089700000| Untracked 
|  88|0x0000000089800000, 0x0000000089800000, 0x0000000089900000|  0%| F|  |TAMS 0x0000000089800000, 0x0000000089800000| Untracked 
|  89|0x0000000089900000, 0x0000000089900000, 0x0000000089a00000|  0%| F|  |TAMS 0x0000000089900000, 0x0000000089900000| Untracked 
|  90|0x0000000089a00000, 0x0000000089a00000, 0x0000000089b00000|  0%| F|  |TAMS 0x0000000089a00000, 0x0000000089a00000| Untracked 
|  91|0x0000000089b00000, 0x0000000089b00000, 0x0000000089c00000|  0%| F|  |TAMS 0x0000000089b00000, 0x0000000089b00000| Untracked 
|  92|0x0000000089c00000, 0x0000000089c00000, 0x0000000089d00000|  0%| F|  |TAMS 0x0000000089c00000, 0x0000000089c00000| Untracked 
|  93|0x0000000089d00000, 0x0000000089d00000, 0x0000000089e00000|  0%| F|  |TAMS 0x0000000089d00000, 0x0000000089d00000| Untracked 
|  94|0x0000000089e00000, 0x0000000089e00000, 0x0000000089f00000|  0%| F|  |TAMS 0x0000000089e00000, 0x0000000089e00000| Untracked 
|  95|0x0000000089f00000, 0x0000000089f00000, 0x000000008a000000|  0%| F|  |TAMS 0x0000000089f00000, 0x0000000089f00000| Untracked 
|  96|0x000000008a000000, 0x000000008a000000, 0x000000008a100000|  0%| F|  |TAMS 0x000000008a000000, 0x000000008a000000| Untracked 
|  97|0x000000008a100000, 0x000000008a100000, 0x000000008a200000|  0%| F|  |TAMS 0x000000008a100000, 0x000000008a100000| Untracked 
|  98|0x000000008a200000, 0x000000008a200000, 0x000000008a300000|  0%| F|  |TAMS 0x000000008a200000, 0x000000008a200000| Untracked 
|  99|0x000000008a300000, 0x000000008a300000, 0x000000008a400000|  0%| F|  |TAMS 0x000000008a300000, 0x000000008a300000| Untracked 
| 100|0x000000008a400000, 0x000000008a400000, 0x000000008a500000|  0%| F|  |TAMS 0x000000008a400000, 0x000000008a400000| Untracked 
| 101|0x000000008a500000, 0x000000008a500000, 0x000000008a600000|  0%| F|  |TAMS 0x000000008a500000, 0x000000008a500000| Untracked 
| 102|0x000000008a600000, 0x000000008a600000, 0x000000008a700000|  0%| F|  |TAMS 0x000000008a600000, 0x000000008a600000| Untracked 
| 103|0x000000008a700000, 0x000000008a700000, 0x000000008a800000|  0%| F|  |TAMS 0x000000008a700000, 0x000000008a700000| Untracked 
| 104|0x000000008a800000, 0x000000008a800000, 0x000000008a900000|  0%| F|  |TAMS 0x000000008a800000, 0x000000008a800000| Untracked 
| 105|0x000000008a900000, 0x000000008aa00000, 0x000000008aa00000|100%| S|CS|TAMS 0x000000008a900000, 0x000000008a900000| Complete 
| 106|0x000000008aa00000, 0x000000008ab00000, 0x000000008ab00000|100%| S|CS|TAMS 0x000000008aa00000, 0x000000008aa00000| Complete 
| 107|0x000000008ab00000, 0x000000008ac00000, 0x000000008ac00000|100%| S|CS|TAMS 0x000000008ab00000, 0x000000008ab00000| Complete 
| 108|0x000000008ac00000, 0x000000008ac00000, 0x000000008ad00000|  0%| F|  |TAMS 0x000000008ac00000, 0x000000008ac00000| Untracked 
| 109|0x000000008ad00000, 0x000000008ad00000, 0x000000008ae00000|  0%| F|  |TAMS 0x000000008ad00000, 0x000000008ad00000| Untracked 
| 110|0x000000008ae00000, 0x000000008ae00000, 0x000000008af00000|  0%| F|  |TAMS 0x000000008ae00000, 0x000000008ae00000| Untracked 
| 111|0x000000008af00000, 0x000000008af00000, 0x000000008b000000|  0%| F|  |TAMS 0x000000008af00000, 0x000000008af00000| Untracked 
| 112|0x000000008b000000, 0x000000008b000000, 0x000000008b100000|  0%| F|  |TAMS 0x000000008b000000, 0x000000008b000000| Untracked 
| 113|0x000000008b100000, 0x000000008b100000, 0x000000008b200000|  0%| F|  |TAMS 0x000000008b100000, 0x000000008b100000| Untracked 
| 114|0x000000008b200000, 0x000000008b200000, 0x000000008b300000|  0%| F|  |TAMS 0x000000008b200000, 0x000000008b200000| Untracked 
| 115|0x000000008b300000, 0x000000008b300000, 0x000000008b400000|  0%| F|  |TAMS 0x000000008b300000, 0x000000008b300000| Untracked 
| 116|0x000000008b400000, 0x000000008b400000, 0x000000008b500000|  0%| F|  |TAMS 0x000000008b400000, 0x000000008b400000| Untracked 
| 117|0x000000008b500000, 0x000000008b500000, 0x000000008b600000|  0%| F|  |TAMS 0x000000008b500000, 0x000000008b500000| Untracked 
| 118|0x000000008b600000, 0x000000008b600000, 0x000000008b700000|  0%| F|  |TAMS 0x000000008b600000, 0x000000008b600000| Untracked 
| 119|0x000000008b700000, 0x000000008b700000, 0x000000008b800000|  0%| F|  |TAMS 0x000000008b700000, 0x000000008b700000| Untracked 
| 120|0x000000008b800000, 0x000000008b800000, 0x000000008b900000|  0%| F|  |TAMS 0x000000008b800000, 0x000000008b800000| Untracked 
| 121|0x000000008b900000, 0x000000008b900000, 0x000000008ba00000|  0%| F|  |TAMS 0x000000008b900000, 0x000000008b900000| Untracked 
| 122|0x000000008ba00000, 0x000000008ba00000, 0x000000008bb00000|  0%| F|  |TAMS 0x000000008ba00000, 0x000000008ba00000| Untracked 
| 123|0x000000008bb00000, 0x000000008bb00000, 0x000000008bc00000|  0%| F|  |TAMS 0x000000008bb00000, 0x000000008bb00000| Untracked 

Card table byte_map: [0x0000021e97450000,0x0000021e97830000] _byte_map_base: 0x0000021e97030000

Marking Bits (Prev, Next): (CMBitMap*) 0x0000021ef8e437a8, (CMBitMap*) 0x0000021ef8e437e0
 Prev Bits: [0x0000021e97c10000, 0x0000021e99b10000)
 Next Bits: [0x0000021e99b10000, 0x0000021e9ba10000)

Polling page: 0x0000021e80000000

Metaspace:

Usage:
  Non-class:     11.21 MB capacity,    11.13 MB (>99%) used,    65.47 KB ( <1%) free+waste,    15.25 KB ( <1%) overhead. 
      Class:      1.18 MB capacity,     1.09 MB ( 92%) used,    87.27 KB (  7%) free+waste,     6.75 KB ( <1%) overhead. 
       Both:     12.39 MB capacity,    12.22 MB ( 99%) used,   152.74 KB (  1%) free+waste,    22.00 KB ( <1%) overhead. 

Virtual space:
  Non-class space:       22.00 MB reserved,      11.25 MB ( 51%) committed 
      Class space:        1.00 GB reserved,       1.25 MB ( <1%) committed 
             Both:        1.02 GB reserved,      12.50 MB (  1%) committed 

Chunk freelists:
   Non-Class:  5.13 KB
       Class:  384 bytes
        Both:  5.50 KB

CodeHeap 'non-profiled nmethods': size=120000Kb used=241Kb max_used=241Kb free=119758Kb
 bounds [0x0000021e8f0c0000, 0x0000021e8f330000, 0x0000021e965f0000]
CodeHeap 'profiled nmethods': size=120000Kb used=1362Kb max_used=1362Kb free=118637Kb
 bounds [0x0000021e87b90000, 0x0000021e87e00000, 0x0000021e8f0c0000]
CodeHeap 'non-nmethods': size=5760Kb used=2119Kb max_used=2131Kb free=3641Kb
 bounds [0x0000021e875f0000, 0x0000021e87860000, 0x0000021e87b90000]
 total_blobs=1406 nmethods=781 adapters=537
 compilation: enabled
              stopped_count=0, restarted_count=0
 full_count=0

Compilation events (10 events):
Event: 0.780 Thread 0x0000021e9ee67800 nmethod 777 0x0000021e87ce0d10 code [0x0000021e87ce1000, 0x0000021e87ce20f8]
Event: 0.780 Thread 0x0000021e9ee67800  778       3       java.lang.Package::isSealed (26 bytes)
Event: 0.780 Thread 0x0000021e9ee67800 nmethod 778 0x0000021e87ce2610 code [0x0000021e87ce27c0, 0x0000021e87ce2ab8]
Event: 0.780 Thread 0x0000021e9ee67800  779       3       java.lang.ClassLoader::compareCerts (201 bytes)
Event: 0.780 Thread 0x0000021e9ee67800 nmethod 779 0x0000021e87ce2b90 code [0x0000021e87ce2da0, 0x0000021e87ce3618]
Event: 0.783 Thread 0x0000021e9ee67800  780       3       jdk.internal.loader.BuiltinClassLoader::isSealed (70 bytes)
Event: 0.783 Thread 0x0000021e9ee67800 nmethod 780 0x0000021e87ce3910 code [0x0000021e87ce3ba0, 0x0000021e87ce45e8]
Event: 0.789 Thread 0x0000021e9effa000  781       4       java.io.WinNTFileSystem::normalize (143 bytes)
Event: 0.792 Thread 0x0000021e9effa000 nmethod 781 0x0000021e8f0fc110 code [0x0000021e8f0fc2c0, 0x0000021e8f0fc528]
Event: 0.797 Thread 0x0000021e9ee67800  782       3       java.util.zip.ZipUtils::CENOFF (9 bytes)

GC Heap History (2 events):
Event: 0.797 GC heap before
{Heap before GC invocations=0 (full 0):
 garbage-first heap   total 126976K, used 17408K [0x0000000084000000, 0x0000000100000000)
  region size 1024K, 16 young (16384K), 0 survivors (0K)
 Metaspace       used 12517K, capacity 12692K, committed 12800K, reserved 1069056K
  class space    used 1118K, capacity 1213K, committed 1280K, reserved 1048576K
}
Event: 0.802 GC heap after
{Heap after GC invocations=1 (full 0):
 garbage-first heap   total 126976K, used 3166K [0x0000000084000000, 0x0000000100000000)
  region size 1024K, 3 young (3072K), 3 survivors (3072K)
 Metaspace       used 12517K, capacity 12692K, committed 12800K, reserved 1069056K
  class space    used 1118K, capacity 1213K, committed 1280K, reserved 1048576K
}

Deoptimization events (10 events):
Event: 0.390 Thread 0x0000021ef8e06000 Uncommon trap: reason=unstable_if action=reinterpret pc=0x0000021e8f0c17f0 method=java.lang.String.isLatin1()Z @ 10 c2
Event: 0.551 Thread 0x0000021ef8e06000 Uncommon trap: reason=bimorphic_or_optimized_type_check action=maybe_recompile pc=0x0000021e8f0c9e94 method=java.util.AbstractCollection.isEmpty()Z @ 1 c2
Event: 0.663 Thread 0x0000021ef8e06000 Uncommon trap: reason=bimorphic_or_optimized_type_check action=maybe_recompile pc=0x0000021e8f0e55e4 method=java.util.HashMap.getNode(ILjava/lang/Object;)Ljava/util/HashMap$Node; @ 126 c2
Event: 0.680 Thread 0x0000021ef8e06000 Uncommon trap: reason=unstable_if action=reinterpret pc=0x0000021e8f0ee8d0 method=java.io.BufferedInputStream.read()I @ 8 c2
Event: 0.703 Thread 0x0000021ef8e06000 Uncommon trap: reason=bimorphic_or_optimized_type_check action=maybe_recompile pc=0x0000021e8f0e18ac method=java.util.HashMap.getNode(ILjava/lang/Object;)Ljava/util/HashMap$Node; @ 59 c2
Event: 0.703 Thread 0x0000021ef8e06000 Uncommon trap: reason=bimorphic_or_optimized_type_check action=maybe_recompile pc=0x0000021e8f0e18ac method=java.util.HashMap.getNode(ILjava/lang/Object;)Ljava/util/HashMap$Node; @ 59 c2
Event: 0.704 Thread 0x0000021ef8e06000 Uncommon trap: reason=bimorphic_or_optimized_type_check action=maybe_recompile pc=0x0000021e8f0e18ac method=java.util.HashMap.getNode(ILjava/lang/Object;)Ljava/util/HashMap$Node; @ 59 c2
Event: 0.707 Thread 0x0000021ef8e06000 Uncommon trap: reason=bimorphic_or_optimized_type_check action=maybe_recompile pc=0x0000021e8f0c9e94 method=java.util.AbstractCollection.isEmpty()Z @ 1 c2
Event: 0.707 Thread 0x0000021ef8e06000 Uncommon trap: reason=bimorphic_or_optimized_type_check action=maybe_recompile pc=0x0000021e8f0c9e94 method=java.util.AbstractCollection.isEmpty()Z @ 1 c2
Event: 0.707 Thread 0x0000021ef8e06000 Uncommon trap: reason=bimorphic_or_optimized_type_check action=maybe_recompile pc=0x0000021e8f0c9e94 method=java.util.AbstractCollection.isEmpty()Z @ 1 c2

Classes redefined (0 events):
No events

Internal exceptions (4 events):
Event: 0.336 Thread 0x0000021ef8e06000 Exception <a 'java/io/FileNotFoundException'{0x000000008b8dcb48}> (0x000000008b8dcb48) thrown at [./open/src/hotspot/share/prims/jni.cpp, line 611]
Event: 0.356 Thread 0x0000021ef8e06000 Exception <a 'java/lang/NoSuchMethodError'{0x000000008b717fe8}: java.lang.invoke.DirectMethodHandle$Holder.invokeSpecialIFC(Ljava/lang/Object;Ljava/lang/Object;I)I> (0x000000008b717fe8) thrown at [./open/src/hotspot/share/interpreter/linkResolver.cpp, lin
Event: 0.710 Thread 0x0000021ef8e06000 Exception <a 'java/lang/NoSuchMethodError'{0x000000008b03b460}: java.lang.invoke.DelegatingMethodHandle$Holder.delegate(Ljava/lang/Object;Ljava/lang/Object;ILjava/lang/Object;)V> (0x000000008b03b460) thrown at [./open/src/hotspot/share/interpreter/linkRes
Event: 0.711 Thread 0x0000021ef8e06000 Exception <a 'java/lang/NoSuchMethodError'{0x000000008b042e90}: java.lang.invoke.DirectMethodHandle$Holder.invokeStaticInit(Ljava/lang/Object;Ljava/lang/Object;Ljava/lang/Object;)Ljava/lang/Object;> (0x000000008b042e90) thrown at [./open/src/hotspot/share

Events (10 events):
Event: 0.795 loading class groovy/lang/groovydoc/GroovydocHolder done
Event: 0.796 loading class org/codehaus/groovy/ast/ASTNode
Event: 0.796 loading class org/codehaus/groovy/ast/ASTNode done
Event: 0.796 loading class org/codehaus/groovy/ast/NodeMetaDataHandler
Event: 0.796 loading class org/codehaus/groovy/ast/NodeMetaDataHandler done
Event: 0.796 loading class org/codehaus/groovy/ast/FieldNode
Event: 0.796 loading class org/codehaus/groovy/ast/FieldNode done
Event: 0.796 loading class org/codehaus/groovy/ast/Variable
Event: 0.796 loading class org/codehaus/groovy/ast/Variable done
Event: 0.797 Executing VM operation: CollectForMetadataAllocation


Dynamic libraries:
0x00007ff6f0d50000 - 0x00007ff6f0d5f000 	C:\Program Files\Java\jdk-11.0.16.1\bin\java.exe
0x00007ffb5d0f0000 - 0x00007ffb5d304000 	C:\WINDOWS\SYSTEM32\ntdll.dll
0x00007ffb5bbd0000 - 0x00007ffb5bc92000 	C:\WINDOWS\System32\KERNEL32.DLL
0x00007ffb5a630000 - 0x00007ffb5a9d3000 	C:\WINDOWS\System32\KERNELBASE.dll
0x00007ffb5add0000 - 0x00007ffb5aee1000 	C:\WINDOWS\System32\ucrtbase.dll
0x00007ffb4aa00000 - 0x00007ffb4aa18000 	C:\Program Files\Java\jdk-11.0.16.1\bin\jli.dll
0x00007ffb42930000 - 0x00007ffb42945000 	C:\Program Files\Java\jdk-11.0.16.1\bin\VCRUNTIME140.dll
0x00007ffb5cd40000 - 0x00007ffb5cdee000 	C:\WINDOWS\System32\ADVAPI32.dll
0x00007ffb5bd80000 - 0x00007ffb5be27000 	C:\WINDOWS\System32\msvcrt.dll
0x00007ffb5bb20000 - 0x00007ffb5bbc4000 	C:\WINDOWS\System32\sechost.dll
0x00007ffb5cdf0000 - 0x00007ffb5cf07000 	C:\WINDOWS\System32\RPCRT4.dll
0x00007ffb5c0b0000 - 0x00007ffb5c25b000 	C:\WINDOWS\System32\USER32.dll
0x00007ffb5abc0000 - 0x00007ffb5abe6000 	C:\WINDOWS\System32\win32u.dll
0x00007ffb5cac0000 - 0x00007ffb5cae9000 	C:\WINDOWS\System32\GDI32.dll
0x00007ffb5a510000 - 0x00007ffb5a628000 	C:\WINDOWS\System32\gdi32full.dll
0x00007ffb5ac70000 - 0x00007ffb5ad0a000 	C:\WINDOWS\System32\msvcp_win.dll
0x00007ffb47d50000 - 0x00007ffb47fde000 	C:\WINDOWS\WinSxS\amd64_microsoft.windows.common-controls_6595b64144ccf1df_6.0.22621.1635_none_270f70857386168e\COMCTL32.dll
0x00007ffb53530000 - 0x00007ffb5353a000 	C:\WINDOWS\SYSTEM32\VERSION.dll
0x00007ffb5c070000 - 0x00007ffb5c0a1000 	C:\WINDOWS\System32\IMM32.DLL
0x00007ffb21ce0000 - 0x00007ffb21d7b000 	C:\Program Files\Java\jdk-11.0.16.1\bin\msvcp140.dll
0x00007ffb1cca0000 - 0x00007ffb1d7b8000 	C:\Program Files\Java\jdk-11.0.16.1\bin\server\jvm.dll
0x00007ffb5b3e0000 - 0x00007ffb5b3e8000 	C:\WINDOWS\System32\PSAPI.DLL
0x00007ffb53e40000 - 0x00007ffb53e74000 	C:\WINDOWS\SYSTEM32\WINMM.dll
0x00007ffb442e0000 - 0x00007ffb442e9000 	C:\WINDOWS\SYSTEM32\WSOCK32.dll
0x00007ffb5be30000 - 0x00007ffb5bea1000 	C:\WINDOWS\System32\WS2_32.dll
0x00007ffb59560000 - 0x00007ffb59578000 	C:\WINDOWS\SYSTEM32\kernel.appcore.dll
0x00007ffb551e0000 - 0x00007ffb551f0000 	C:\Program Files\Java\jdk-11.0.16.1\bin\verify.dll
0x00007ffb57e40000 - 0x00007ffb5806e000 	C:\WINDOWS\SYSTEM32\DBGHELP.DLL
0x00007ffb5b050000 - 0x00007ffb5b3d9000 	C:\WINDOWS\System32\combase.dll
0x00007ffb5af70000 - 0x00007ffb5b047000 	C:\WINDOWS\System32\OLEAUT32.dll
0x00007ffb44310000 - 0x00007ffb44342000 	C:\WINDOWS\SYSTEM32\dbgcore.DLL
0x00007ffb5abf0000 - 0x00007ffb5ac6b000 	C:\WINDOWS\System32\bcryptPrimitives.dll
0x00007ffb41f50000 - 0x00007ffb41f78000 	C:\Program Files\Java\jdk-11.0.16.1\bin\java.dll
0x00007ffb4f560000 - 0x00007ffb4f56a000 	C:\Program Files\Java\jdk-11.0.16.1\bin\jimage.dll
0x00007ffb446b0000 - 0x00007ffb446be000 	C:\Program Files\Java\jdk-11.0.16.1\bin\instrument.dll
0x00007ffb41f10000 - 0x00007ffb41f26000 	C:\Program Files\Java\jdk-11.0.16.1\bin\zip.dll
0x00007ffb5c2c0000 - 0x00007ffb5caba000 	C:\WINDOWS\System32\SHELL32.dll
0x00007ffb58510000 - 0x00007ffb58dde000 	C:\WINDOWS\SYSTEM32\windows.storage.dll
0x00007ffb583d0000 - 0x00007ffb5850e000 	C:\WINDOWS\SYSTEM32\wintypes.dll
0x00007ffb5b8e0000 - 0x00007ffb5b9d1000 	C:\WINDOWS\System32\SHCORE.dll
0x00007ffb5bca0000 - 0x00007ffb5bcfe000 	C:\WINDOWS\System32\shlwapi.dll
0x00007ffb5a440000 - 0x00007ffb5a461000 	C:\WINDOWS\SYSTEM32\profapi.dll
0x00007ffb3c760000 - 0x00007ffb3c779000 	C:\Program Files\Java\jdk-11.0.16.1\bin\net.dll
0x00007ffb53320000 - 0x00007ffb53457000 	C:\WINDOWS\SYSTEM32\WINHTTP.dll
0x00007ffb599d0000 - 0x00007ffb59a39000 	C:\WINDOWS\system32\mswsock.dll
0x00007ffb3c620000 - 0x00007ffb3c632000 	C:\Program Files\Java\jdk-11.0.16.1\bin\nio.dll
0x00007ffb2dbe0000 - 0x00007ffb2dbfa000 	C:\Program Files\JetBrains\IntelliJ IDEA Community Edition 2022.3.2\bin\breakgen64.dll

dbghelp: loaded successfully - version: 4.0.5 - missing functions: none
symbol engine: initialized successfully - sym options: 0x614 - pdb path: .;C:\Program Files\Java\jdk-11.0.16.1\bin;C:\WINDOWS\SYSTEM32;C:\WINDOWS\WinSxS\amd64_microsoft.windows.common-controls_6595b64144ccf1df_6.0.22621.1635_none_270f70857386168e;C:\Program Files\Java\jdk-11.0.16.1\bin\server;C:\Program Files\JetBrains\IntelliJ IDEA Community Edition 2022.3.2\bin

VM Arguments:
jvm_args: -ea -Duser.language=en -Didea.test.cyclic.buffer.size=1048576 -javaagent:C:\Program Files\JetBrains\IntelliJ IDEA Community Edition 2022.3.2\lib\idea_rt.jar=49726:C:\Program Files\JetBrains\IntelliJ IDEA Community Edition 2022.3.2\bin -Dfile.encoding=UTF-8 
java_command: com.intellij.rt.junit.JUnitStarter -ideVersion5 -junit4 Exercises.Assiment_Patch,pathRequest
java_class_path (initial): C:\Program Files\JetBrains\IntelliJ IDEA Community Edition 2022.3.2\lib\idea_rt.jar;C:\Program Files\JetBrains\IntelliJ IDEA Community Edition 2022.3.2\plugins\junit\lib\junit5-rt.jar;C:\Program Files\JetBrains\IntelliJ IDEA Community Edition 2022.3.2\plugins\junit\lib\junit-rt.jar;C:\Users\nurik\IdeaProjects\APIExercises\target\test-classes;C:\Users\nurik\IdeaProjects\APIExercises\target\classes;C:\Users\nurik\.m2\repository\io\rest-assured\rest-assured\5.3.0\rest-assured-5.3.0.jar;C:\Users\nurik\.m2\repository\org\apache\groovy\groovy\4.0.6\groovy-4.0.6.jar;C:\Users\nurik\.m2\repository\org\apache\groovy\groovy-xml\4.0.6\groovy-xml-4.0.6.jar;C:\Users\nurik\.m2\repository\org\apache\httpcomponents\httpclient\4.5.13\httpclient-4.5.13.jar;C:\Users\nurik\.m2\repository\org\apache\httpcomponents\httpcore\4.4.13\httpcore-4.4.13.jar;C:\Users\nurik\.m2\repository\commons-logging\commons-logging\1.2\commons-logging-1.2.jar;C:\Users\nurik\.m2\repository\commons-codec\commons-codec\1.11\commons-codec-1.11.jar;C:\Users\nurik\.m2\repository\org\apache\httpcomponents\httpmime\4.5.13\httpmime-4.5.13.jar;C:\Users\nurik\.m2\repository\org\hamcrest\hamcrest\2.1\hamcrest-2.1.jar;C:\Users\nurik\.m2\repository\org\ccil\cowan\tagsoup\tagsoup\1.2.1\tagsoup-1.2.1.jar;C:\Users\nurik\.m2\repository\io\rest-assured\json-path\5.3.0\json-path-5.3.0.jar;C:\Users\nurik\.m2\repository\org\apache\groovy\groovy-json\4.0.6\groovy-json-4.0.6.jar;C:\Users\nurik\.m2\repository\io\rest-assured\rest-assured-common\5.3.0\rest-assured-common-5.3.0.jar;C:\Users\nurik\.m2\repository\io\rest-assured\xml-path\5.3.0\xml-path-5.3.0.jar;C:\Users\nurik\.m2\repository\org\apache\commons\commons-lang3\3.11\commons-lang3-3.11.jar;C:\Users\nurik\.m2\repository\junit\junit\4.13.2\junit-4.13.2.jar;C:\Users\nurik\.m2\repository\org\hamcrest\hamcrest-core\1.3\hamcrest-core-1.3.jar;C:\Users\nurik\.m2\repository\org\testng\testng\7.7.1\testng-7.7.1.jar;C:\Users\nurik\.m2\repository\org\slf4j\sl
Launcher Type: SUN_STANDARD

[Global flags]
     intx CICompilerCount                          = 4                                         {product} {ergonomic}
     uint ConcGCThreads                            = 2                                         {product} {ergonomic}
     uint G1ConcRefinementThreads                  = 8                                         {product} {ergonomic}
   size_t G1HeapRegionSize                         = 1048576                                   {product} {ergonomic}
    uintx GCDrainStackTargetSize                   = 64                                        {product} {ergonomic}
   size_t InitialHeapSize                          = 130023424                                 {product} {ergonomic}
   size_t MarkStackSize                            = 4194304                                   {product} {ergonomic}
   size_t MaxHeapSize                              = 2080374784                                {product} {ergonomic}
   size_t MaxNewSize                               = 1247805440                                {product} {ergonomic}
   size_t MinHeapDeltaBytes                        = 1048576                                   {product} {ergonomic}
    uintx NonNMethodCodeHeapSize                   = 5836300                                {pd product} {ergonomic}
    uintx NonProfiledCodeHeapSize                  = 122910970                              {pd product} {ergonomic}
    uintx ProfiledCodeHeapSize                     = 122910970                              {pd product} {ergonomic}
    uintx ReservedCodeCacheSize                    = 251658240                              {pd product} {ergonomic}
     bool SegmentedCodeCache                       = true                                      {product} {ergonomic}
     bool UseCompressedClassPointers               = true                                 {lp64_product} {ergonomic}
     bool UseCompressedOops                        = true                                 {lp64_product} {ergonomic}
     bool UseG1GC                                  = true                                      {product} {ergonomic}
     bool UseLargePagesIndividualAllocation        = false                                  {pd product} {ergonomic}

Logging:
Log output configuration:
 #0: stdout all=warning uptime,level,tags
 #1: stderr all=off uptime,level,tags

Environment Variables:
JAVA_HOME=C:\Program Files\Java\jdk-11.0.16.1
PATH=C:\Program Files\Common Files\Oracle\Java\javapath;C:\WINDOWS\system32;C:\WINDOWS;C:\WINDOWS\System32\Wbem;C:\WINDOWS\System32\WindowsPowerShell\v1.0\;C:\WINDOWS\System32\OpenSSH\;C:\Program Files\Git\cmd;C:\Program Files\GitHub CLI\;C:\Users\nurik\AppData\Local\Microsoft\WindowsApps;C:\Program Files\Java\jdk-11.0.16.1\bin;C:\Users\nurik\AppData\Local\Programs\Microsoft VS Code\bin;C:\Users\nurik\AppData\Local\gitkraken\bin
USERNAME=nurik
OS=Windows_NT
PROCESSOR_IDENTIFIER=Intel64 Family 6 Model 126 Stepping 5, GenuineIntel



---------------  S Y S T E M  ---------------

OS: Windows 11 , 64 bit Build 22621 (10.0.22621.1635)

CPU:total 8 (initial active 8) (4 cores per cpu, 2 threads per core) family 6 model 126 stepping 5 microcode 0xa6, cmov, cx8, fxsr, mmx, sse, sse2, sse3, ssse3, sse4.1, sse4.2, popcnt, avx, avx2, aes, clmul, erms, 3dnowpref, lzcnt, ht, tsc, tscinvbit, bmi1, bmi2, adx, evex, sha, fma

Memory: 4k page, system-wide physical 7932M (431M free)
TotalPageFile size 19080M (AvailPageFile size 5M)
current process WorkingSet (physical memory assigned to process): 73M, peak: 73M
current process commit charge ("private bytes"): 217M, peak: 218M

vm_info: Java HotSpot(TM) 64-Bit Server VM (11.0.16.1+1-LTS-1) for windows-amd64 JRE (11.0.16.1+1-LTS-1), built on Aug 16 2022 01:46:01 by "mach5one" with MS VC++ 15.9 (VS2017)

END.
