#
# There is insufficient memory for the Java Runtime Environment to continue.
# Native memory allocation (malloc) failed to allocate 43376 bytes for Chunk::new
# Possible reasons:
#   The system is out of physical RAM or swap space
#   The process is running with CompressedOops enabled, and the Java Heap may be blocking the growth of the native heap
# Possible solutions:
#   Reduce memory load on the system
#   Increase physical memory or swap space
#   Check if swap backing store is full
#   Decrease Java heap size (-Xmx/-Xms)
#   Decrease number of Java threads
#   Decrease Java thread stack sizes (-Xss)
#   Set larger code cache with -XX:ReservedCodeCacheSize=
#   JVM is running with Unscaled Compressed Oops mode in which the Java heap is
#     placed in the first 4GB address space. The Java Heap base address is the
#     maximum limit for the native heap growth. Please use -XX:HeapBaseMinAddress
#     to set the Java Heap base and to place the Java Heap above 4GB virtual address.
# This output file may be truncated or incomplete.
#
#  Out of Memory Error (./open/src/hotspot/share/memory/arena.cpp:197), pid=9780, tid=5252
#
# JRE version: Java(TM) SE Runtime Environment 18.9 (11.0.16.1+1) (build 11.0.16.1+1-LTS-1)
# Java VM: Java HotSpot(TM) 64-Bit Server VM 18.9 (11.0.16.1+1-LTS-1, mixed mode, tiered, compressed oops, g1 gc, windows-amd64)
# No core dump will be written. Minidumps are not enabled by default on client versions of Windows
#

---------------  S U M M A R Y ------------

Command Line: -ea -Duser.language=en -Didea.test.cyclic.buffer.size=1048576 -javaagent:C:\Program Files\JetBrains\IntelliJ IDEA Community Edition 2022.3.2\lib\idea_rt.jar=49906:C:\Program Files\JetBrains\IntelliJ IDEA Community Edition 2022.3.2\bin -Dfile.encoding=UTF-8 com.intellij.rt.junit.JUnitStarter -ideVersion5 -junit4 Exercises.Assiment_Patch,pathRequest

Host: Intel(R) Core(TM) i5-1035G1 CPU @ 1.00GHz, 8 cores, 7G,  Windows 11 , 64 bit Build 22621 (10.0.22621.1635)
Time: Thu Jun  1 23:44:13 2023 Türkiye Standart Saati elapsed time: 0.474305 seconds (0d 0h 0m 0s)

---------------  T H R E A D  ---------------

Current thread (0x00000277ffc57800):  JavaThread "C2 CompilerThread0" daemon [_thread_in_native, id=5252, stack(0x000000a50d500000,0x000000a50d600000)]


Current CompileTask:
C2:    474  409       4       java.lang.String::startsWith (138 bytes)

Stack: [0x000000a50d500000,0x000000a50d600000]
Native frames: (J=compiled Java code, j=interpreted, Vv=VM code, C=native code)
V  [jvm.dll+0x62a3da]
V  [jvm.dll+0x76407f]
V  [jvm.dll+0x765729]
V  [jvm.dll+0x765db3]
V  [jvm.dll+0x23dc18]
V  [jvm.dll+0xb2a1c]
V  [jvm.dll+0xb2fdc]
V  [jvm.dll+0x341497]
V  [jvm.dll+0x30ee03]
V  [jvm.dll+0x30e14a]
V  [jvm.dll+0x1f8685]
V  [jvm.dll+0x1f786d]
V  [jvm.dll+0x177c81]
V  [jvm.dll+0x207186]
V  [jvm.dll+0x20531b]
V  [jvm.dll+0x729f60]
V  [jvm.dll+0x722b34]
V  [jvm.dll+0x629276]
C  [ucrtbase.dll+0x29363]
C  [KERNEL32.DLL+0x126ad]
C  [ntdll.dll+0x5a9f8]


---------------  P R O C E S S  ---------------

Threads class SMR info:
_java_thread_list=0x0000027780b16c50, length=12, elements={
0x00000277e1e5b000, 0x00000277ffc36000, 0x00000277ffc42000, 0x0000027780843000,
0x00000277ffc52800, 0x00000277ffc54800, 0x00000277ffc57800, 0x00000277ffc5a800,
0x0000027780846000, 0x00000277809b1000, 0x00000277809f4000, 0x00000277809ab800
}

Java Threads: ( => current thread )
  0x00000277e1e5b000 JavaThread "main" [_thread_in_vm, id=19556, stack(0x000000a50c900000,0x000000a50ca00000)]
  0x00000277ffc36000 JavaThread "Reference Handler" daemon [_thread_blocked, id=5316, stack(0x000000a50d000000,0x000000a50d100000)]
  0x00000277ffc42000 JavaThread "Finalizer" daemon [_thread_blocked, id=15400, stack(0x000000a50d100000,0x000000a50d200000)]
  0x0000027780843000 JavaThread "Signal Dispatcher" daemon [_thread_blocked, id=8344, stack(0x000000a50d200000,0x000000a50d300000)]
  0x00000277ffc52800 JavaThread "Attach Listener" daemon [_thread_blocked, id=10752, stack(0x000000a50d300000,0x000000a50d400000)]
  0x00000277ffc54800 JavaThread "Service Thread" daemon [_thread_blocked, id=10668, stack(0x000000a50d400000,0x000000a50d500000)]
=>0x00000277ffc57800 JavaThread "C2 CompilerThread0" daemon [_thread_in_native, id=5252, stack(0x000000a50d500000,0x000000a50d600000)]
  0x00000277ffc5a800 JavaThread "C1 CompilerThread0" daemon [_thread_in_native, id=15372, stack(0x000000a50d600000,0x000000a50d700000)]
  0x0000027780846000 JavaThread "Sweeper thread" daemon [_thread_blocked, id=8276, stack(0x000000a50d700000,0x000000a50d800000)]
  0x00000277809b1000 JavaThread "Common-Cleaner" daemon [_thread_blocked, id=3248, stack(0x000000a50d800000,0x000000a50d900000)]
  0x00000277809f4000 JavaThread "C2 CompilerThread1" daemon [_thread_in_native, id=16744, stack(0x000000a50d900000,0x000000a50da00000)]
  0x00000277809ab800 JavaThread "Monitor Ctrl-Break" daemon [_thread_in_native, id=21400, stack(0x000000a50da00000,0x000000a50db00000)]

Other Threads:
  0x00000277ffc0a000 VMThread "VM Thread" [stack: 0x000000a50cf00000,0x000000a50d000000] [id=8924]
  0x0000027780c3e800 WatcherThread [stack: 0x000000a50db00000,0x000000a50dc00000] [id=17212]
  0x00000277e1e70000 GCTaskThread "GC Thread#0" [stack: 0x000000a50ca00000,0x000000a50cb00000] [id=10268]
  0x00000277dfbee000 ConcurrentGCThread "G1 Main Marker" [stack: 0x000000a50cb00000,0x000000a50cc00000] [id=20612]
  0x00000277e1e9e800 ConcurrentGCThread "G1 Conc#0" [stack: 0x000000a50cc00000,0x000000a50cd00000] [id=752]
  0x00000277ffa64800 ConcurrentGCThread "G1 Refine#0" [stack: 0x000000a50cd00000,0x000000a50ce00000] [id=252]
  0x00000277ffa67800 ConcurrentGCThread "G1 Young RemSet Sampling" [stack: 0x000000a50ce00000,0x000000a50cf00000] [id=4380]

Threads with active compile tasks:
C2 CompilerThread0      508  409       4       java.lang.String::startsWith (138 bytes)
C1 CompilerThread0      508  406       3       java.net.URLStreamHandler::parseURL (1201 bytes)
C2 CompilerThread1      508  408       4       java.lang.String::indexOf (29 bytes)

VM state:not at safepoint (normal execution)

VM Mutex/Monitor currently owned by a thread: None

Heap address: 0x0000000084000000, size: 1984 MB, Compressed Oops mode: 32-bit
Narrow klass base: 0x0000000000000000, Narrow klass shift: 3
Compressed class space size: 1073741824 Address: 0x0000000100000000

Heap:
 garbage-first heap   total 126976K, used 5120K [0x0000000084000000, 0x0000000100000000)
  region size 1024K, 6 young (6144K), 0 survivors (0K)
 Metaspace       used 8059K, capacity 8218K, committed 8576K, reserved 1056768K
  class space    used 752K, capacity 784K, committed 896K, reserved 1048576K
Heap Regions: E=young(eden), S=young(survivor), O=old, HS=humongous(starts), HC=humongous(continues), CS=collection set, F=free, A=archive, TAMS=top-at-mark-start (previous, next)
|   0|0x0000000084000000, 0x0000000084000000, 0x0000000084100000|  0%| F|  |TAMS 0x0000000084000000, 0x0000000084000000| Untracked 
|   1|0x0000000084100000, 0x0000000084100000, 0x0000000084200000|  0%| F|  |TAMS 0x0000000084100000, 0x0000000084100000| Untracked 
|   2|0x0000000084200000, 0x0000000084200000, 0x0000000084300000|  0%| F|  |TAMS 0x0000000084200000, 0x0000000084200000| Untracked 
|   3|0x0000000084300000, 0x0000000084300000, 0x0000000084400000|  0%| F|  |TAMS 0x0000000084300000, 0x0000000084300000| Untracked 
|   4|0x0000000084400000, 0x0000000084400000, 0x0000000084500000|  0%| F|  |TAMS 0x0000000084400000, 0x0000000084400000| Untracked 
|   5|0x0000000084500000, 0x0000000084500000, 0x0000000084600000|  0%| F|  |TAMS 0x0000000084500000, 0x0000000084500000| Untracked 
|   6|0x0000000084600000, 0x0000000084600000, 0x0000000084700000|  0%| F|  |TAMS 0x0000000084600000, 0x0000000084600000| Untracked 
|   7|0x0000000084700000, 0x0000000084700000, 0x0000000084800000|  0%| F|  |TAMS 0x0000000084700000, 0x0000000084700000| Untracked 
|   8|0x0000000084800000, 0x0000000084800000, 0x0000000084900000|  0%| F|  |TAMS 0x0000000084800000, 0x0000000084800000| Untracked 
|   9|0x0000000084900000, 0x0000000084900000, 0x0000000084a00000|  0%| F|  |TAMS 0x0000000084900000, 0x0000000084900000| Untracked 
|  10|0x0000000084a00000, 0x0000000084a00000, 0x0000000084b00000|  0%| F|  |TAMS 0x0000000084a00000, 0x0000000084a00000| Untracked 
|  11|0x0000000084b00000, 0x0000000084b00000, 0x0000000084c00000|  0%| F|  |TAMS 0x0000000084b00000, 0x0000000084b00000| Untracked 
|  12|0x0000000084c00000, 0x0000000084c00000, 0x0000000084d00000|  0%| F|  |TAMS 0x0000000084c00000, 0x0000000084c00000| Untracked 
|  13|0x0000000084d00000, 0x0000000084d00000, 0x0000000084e00000|  0%| F|  |TAMS 0x0000000084d00000, 0x0000000084d00000| Untracked 
|  14|0x0000000084e00000, 0x0000000084e00000, 0x0000000084f00000|  0%| F|  |TAMS 0x0000000084e00000, 0x0000000084e00000| Untracked 
|  15|0x0000000084f00000, 0x0000000084f00000, 0x0000000085000000|  0%| F|  |TAMS 0x0000000084f00000, 0x0000000084f00000| Untracked 
|  16|0x0000000085000000, 0x0000000085000000, 0x0000000085100000|  0%| F|  |TAMS 0x0000000085000000, 0x0000000085000000| Untracked 
|  17|0x0000000085100000, 0x0000000085100000, 0x0000000085200000|  0%| F|  |TAMS 0x0000000085100000, 0x0000000085100000| Untracked 
|  18|0x0000000085200000, 0x0000000085200000, 0x0000000085300000|  0%| F|  |TAMS 0x0000000085200000, 0x0000000085200000| Untracked 
|  19|0x0000000085300000, 0x0000000085300000, 0x0000000085400000|  0%| F|  |TAMS 0x0000000085300000, 0x0000000085300000| Untracked 
|  20|0x0000000085400000, 0x0000000085400000, 0x0000000085500000|  0%| F|  |TAMS 0x0000000085400000, 0x0000000085400000| Untracked 
|  21|0x0000000085500000, 0x0000000085500000, 0x0000000085600000|  0%| F|  |TAMS 0x0000000085500000, 0x0000000085500000| Untracked 
|  22|0x0000000085600000, 0x0000000085600000, 0x0000000085700000|  0%| F|  |TAMS 0x0000000085600000, 0x0000000085600000| Untracked 
|  23|0x0000000085700000, 0x0000000085700000, 0x0000000085800000|  0%| F|  |TAMS 0x0000000085700000, 0x0000000085700000| Untracked 
|  24|0x0000000085800000, 0x0000000085800000, 0x0000000085900000|  0%| F|  |TAMS 0x0000000085800000, 0x0000000085800000| Untracked 
|  25|0x0000000085900000, 0x0000000085900000, 0x0000000085a00000|  0%| F|  |TAMS 0x0000000085900000, 0x0000000085900000| Untracked 
|  26|0x0000000085a00000, 0x0000000085a00000, 0x0000000085b00000|  0%| F|  |TAMS 0x0000000085a00000, 0x0000000085a00000| Untracked 
|  27|0x0000000085b00000, 0x0000000085b00000, 0x0000000085c00000|  0%| F|  |TAMS 0x0000000085b00000, 0x0000000085b00000| Untracked 
|  28|0x0000000085c00000, 0x0000000085c00000, 0x0000000085d00000|  0%| F|  |TAMS 0x0000000085c00000, 0x0000000085c00000| Untracked 
|  29|0x0000000085d00000, 0x0000000085d00000, 0x0000000085e00000|  0%| F|  |TAMS 0x0000000085d00000, 0x0000000085d00000| Untracked 
|  30|0x0000000085e00000, 0x0000000085e00000, 0x0000000085f00000|  0%| F|  |TAMS 0x0000000085e00000, 0x0000000085e00000| Untracked 
|  31|0x0000000085f00000, 0x0000000085f00000, 0x0000000086000000|  0%| F|  |TAMS 0x0000000085f00000, 0x0000000085f00000| Untracked 
|  32|0x0000000086000000, 0x0000000086000000, 0x0000000086100000|  0%| F|  |TAMS 0x0000000086000000, 0x0000000086000000| Untracked 
|  33|0x0000000086100000, 0x0000000086100000, 0x0000000086200000|  0%| F|  |TAMS 0x0000000086100000, 0x0000000086100000| Untracked 
|  34|0x0000000086200000, 0x0000000086200000, 0x0000000086300000|  0%| F|  |TAMS 0x0000000086200000, 0x0000000086200000| Untracked 
|  35|0x0000000086300000, 0x0000000086300000, 0x0000000086400000|  0%| F|  |TAMS 0x0000000086300000, 0x0000000086300000| Untracked 
|  36|0x0000000086400000, 0x0000000086400000, 0x0000000086500000|  0%| F|  |TAMS 0x0000000086400000, 0x0000000086400000| Untracked 
|  37|0x0000000086500000, 0x0000000086500000, 0x0000000086600000|  0%| F|  |TAMS 0x0000000086500000, 0x0000000086500000| Untracked 
|  38|0x0000000086600000, 0x0000000086600000, 0x0000000086700000|  0%| F|  |TAMS 0x0000000086600000, 0x0000000086600000| Untracked 
|  39|0x0000000086700000, 0x0000000086700000, 0x0000000086800000|  0%| F|  |TAMS 0x0000000086700000, 0x0000000086700000| Untracked 
|  40|0x0000000086800000, 0x0000000086800000, 0x0000000086900000|  0%| F|  |TAMS 0x0000000086800000, 0x0000000086800000| Untracked 
|  41|0x0000000086900000, 0x0000000086900000, 0x0000000086a00000|  0%| F|  |TAMS 0x0000000086900000, 0x0000000086900000| Untracked 
|  42|0x0000000086a00000, 0x0000000086a00000, 0x0000000086b00000|  0%| F|  |TAMS 0x0000000086a00000, 0x0000000086a00000| Untracked 
|  43|0x0000000086b00000, 0x0000000086b00000, 0x0000000086c00000|  0%| F|  |TAMS 0x0000000086b00000, 0x0000000086b00000| Untracked 
|  44|0x0000000086c00000, 0x0000000086c00000, 0x0000000086d00000|  0%| F|  |TAMS 0x0000000086c00000, 0x0000000086c00000| Untracked 
|  45|0x0000000086d00000, 0x0000000086d00000, 0x0000000086e00000|  0%| F|  |TAMS 0x0000000086d00000, 0x0000000086d00000| Untracked 
|  46|0x0000000086e00000, 0x0000000086e00000, 0x0000000086f00000|  0%| F|  |TAMS 0x0000000086e00000, 0x0000000086e00000| Untracked 
|  47|0x0000000086f00000, 0x0000000086f00000, 0x0000000087000000|  0%| F|  |TAMS 0x0000000086f00000, 0x0000000086f00000| Untracked 
|  48|0x0000000087000000, 0x0000000087000000, 0x0000000087100000|  0%| F|  |TAMS 0x0000000087000000, 0x0000000087000000| Untracked 
|  49|0x0000000087100000, 0x0000000087100000, 0x0000000087200000|  0%| F|  |TAMS 0x0000000087100000, 0x0000000087100000| Untracked 
|  50|0x0000000087200000, 0x0000000087200000, 0x0000000087300000|  0%| F|  |TAMS 0x0000000087200000, 0x0000000087200000| Untracked 
|  51|0x0000000087300000, 0x0000000087300000, 0x0000000087400000|  0%| F|  |TAMS 0x0000000087300000, 0x0000000087300000| Untracked 
|  52|0x0000000087400000, 0x0000000087400000, 0x0000000087500000|  0%| F|  |TAMS 0x0000000087400000, 0x0000000087400000| Untracked 
|  53|0x0000000087500000, 0x0000000087500000, 0x0000000087600000|  0%| F|  |TAMS 0x0000000087500000, 0x0000000087500000| Untracked 
|  54|0x0000000087600000, 0x0000000087600000, 0x0000000087700000|  0%| F|  |TAMS 0x0000000087600000, 0x0000000087600000| Untracked 
|  55|0x0000000087700000, 0x0000000087700000, 0x0000000087800000|  0%| F|  |TAMS 0x0000000087700000, 0x0000000087700000| Untracked 
|  56|0x0000000087800000, 0x0000000087800000, 0x0000000087900000|  0%| F|  |TAMS 0x0000000087800000, 0x0000000087800000| Untracked 
|  57|0x0000000087900000, 0x0000000087900000, 0x0000000087a00000|  0%| F|  |TAMS 0x0000000087900000, 0x0000000087900000| Untracked 
|  58|0x0000000087a00000, 0x0000000087a00000, 0x0000000087b00000|  0%| F|  |TAMS 0x0000000087a00000, 0x0000000087a00000| Untracked 
|  59|0x0000000087b00000, 0x0000000087b00000, 0x0000000087c00000|  0%| F|  |TAMS 0x0000000087b00000, 0x0000000087b00000| Untracked 
|  60|0x0000000087c00000, 0x0000000087c00000, 0x0000000087d00000|  0%| F|  |TAMS 0x0000000087c00000, 0x0000000087c00000| Untracked 
|  61|0x0000000087d00000, 0x0000000087d00000, 0x0000000087e00000|  0%| F|  |TAMS 0x0000000087d00000, 0x0000000087d00000| Untracked 
|  62|0x0000000087e00000, 0x0000000087e00000, 0x0000000087f00000|  0%| F|  |TAMS 0x0000000087e00000, 0x0000000087e00000| Untracked 
|  63|0x0000000087f00000, 0x0000000087f00000, 0x0000000088000000|  0%| F|  |TAMS 0x0000000087f00000, 0x0000000087f00000| Untracked 
|  64|0x0000000088000000, 0x0000000088000000, 0x0000000088100000|  0%| F|  |TAMS 0x0000000088000000, 0x0000000088000000| Untracked 
|  65|0x0000000088100000, 0x0000000088100000, 0x0000000088200000|  0%| F|  |TAMS 0x0000000088100000, 0x0000000088100000| Untracked 
|  66|0x0000000088200000, 0x0000000088200000, 0x0000000088300000|  0%| F|  |TAMS 0x0000000088200000, 0x0000000088200000| Untracked 
|  67|0x0000000088300000, 0x0000000088300000, 0x0000000088400000|  0%| F|  |TAMS 0x0000000088300000, 0x0000000088300000| Untracked 
|  68|0x0000000088400000, 0x0000000088400000, 0x0000000088500000|  0%| F|  |TAMS 0x0000000088400000, 0x0000000088400000| Untracked 
|  69|0x0000000088500000, 0x0000000088500000, 0x0000000088600000|  0%| F|  |TAMS 0x0000000088500000, 0x0000000088500000| Untracked 
|  70|0x0000000088600000, 0x0000000088600000, 0x0000000088700000|  0%| F|  |TAMS 0x0000000088600000, 0x0000000088600000| Untracked 
|  71|0x0000000088700000, 0x0000000088700000, 0x0000000088800000|  0%| F|  |TAMS 0x0000000088700000, 0x0000000088700000| Untracked 
|  72|0x0000000088800000, 0x0000000088800000, 0x0000000088900000|  0%| F|  |TAMS 0x0000000088800000, 0x0000000088800000| Untracked 
|  73|0x0000000088900000, 0x0000000088900000, 0x0000000088a00000|  0%| F|  |TAMS 0x0000000088900000, 0x0000000088900000| Untracked 
|  74|0x0000000088a00000, 0x0000000088a00000, 0x0000000088b00000|  0%| F|  |TAMS 0x0000000088a00000, 0x0000000088a00000| Untracked 
|  75|0x0000000088b00000, 0x0000000088b00000, 0x0000000088c00000|  0%| F|  |TAMS 0x0000000088b00000, 0x0000000088b00000| Untracked 
|  76|0x0000000088c00000, 0x0000000088c00000, 0x0000000088d00000|  0%| F|  |TAMS 0x0000000088c00000, 0x0000000088c00000| Untracked 
|  77|0x0000000088d00000, 0x0000000088d00000, 0x0000000088e00000|  0%| F|  |TAMS 0x0000000088d00000, 0x0000000088d00000| Untracked 
|  78|0x0000000088e00000, 0x0000000088e00000, 0x0000000088f00000|  0%| F|  |TAMS 0x0000000088e00000, 0x0000000088e00000| Untracked 
|  79|0x0000000088f00000, 0x0000000088f00000, 0x0000000089000000|  0%| F|  |TAMS 0x0000000088f00000, 0x0000000088f00000| Untracked 
|  80|0x0000000089000000, 0x0000000089000000, 0x0000000089100000|  0%| F|  |TAMS 0x0000000089000000, 0x0000000089000000| Untracked 
|  81|0x0000000089100000, 0x0000000089100000, 0x0000000089200000|  0%| F|  |TAMS 0x0000000089100000, 0x0000000089100000| Untracked 
|  82|0x0000000089200000, 0x0000000089200000, 0x0000000089300000|  0%| F|  |TAMS 0x0000000089200000, 0x0000000089200000| Untracked 
|  83|0x0000000089300000, 0x0000000089300000, 0x0000000089400000|  0%| F|  |TAMS 0x0000000089300000, 0x0000000089300000| Untracked 
|  84|0x0000000089400000, 0x0000000089400000, 0x0000000089500000|  0%| F|  |TAMS 0x0000000089400000, 0x0000000089400000| Untracked 
|  85|0x0000000089500000, 0x0000000089500000, 0x0000000089600000|  0%| F|  |TAMS 0x0000000089500000, 0x0000000089500000| Untracked 
|  86|0x0000000089600000, 0x0000000089600000, 0x0000000089700000|  0%| F|  |TAMS 0x0000000089600000, 0x0000000089600000| Untracked 
|  87|0x0000000089700000, 0x0000000089700000, 0x0000000089800000|  0%| F|  |TAMS 0x0000000089700000, 0x0000000089700000| Untracked 
|  88|0x0000000089800000, 0x0000000089800000, 0x0000000089900000|  0%| F|  |TAMS 0x0000000089800000, 0x0000000089800000| Untracked 
|  89|0x0000000089900000, 0x0000000089900000, 0x0000000089a00000|  0%| F|  |TAMS 0x0000000089900000, 0x0000000089900000| Untracked 
|  90|0x0000000089a00000, 0x0000000089a00000, 0x0000000089b00000|  0%| F|  |TAMS 0x0000000089a00000, 0x0000000089a00000| Untracked 
|  91|0x0000000089b00000, 0x0000000089b00000, 0x0000000089c00000|  0%| F|  |TAMS 0x0000000089b00000, 0x0000000089b00000| Untracked 
|  92|0x0000000089c00000, 0x0000000089c00000, 0x0000000089d00000|  0%| F|  |TAMS 0x0000000089c00000, 0x0000000089c00000| Untracked 
|  93|0x0000000089d00000, 0x0000000089d00000, 0x0000000089e00000|  0%| F|  |TAMS 0x0000000089d00000, 0x0000000089d00000| Untracked 
|  94|0x0000000089e00000, 0x0000000089e00000, 0x0000000089f00000|  0%| F|  |TAMS 0x0000000089e00000, 0x0000000089e00000| Untracked 
|  95|0x0000000089f00000, 0x0000000089f00000, 0x000000008a000000|  0%| F|  |TAMS 0x0000000089f00000, 0x0000000089f00000| Untracked 
|  96|0x000000008a000000, 0x000000008a000000, 0x000000008a100000|  0%| F|  |TAMS 0x000000008a000000, 0x000000008a000000| Untracked 
|  97|0x000000008a100000, 0x000000008a100000, 0x000000008a200000|  0%| F|  |TAMS 0x000000008a100000, 0x000000008a100000| Untracked 
|  98|0x000000008a200000, 0x000000008a200000, 0x000000008a300000|  0%| F|  |TAMS 0x000000008a200000, 0x000000008a200000| Untracked 
|  99|0x000000008a300000, 0x000000008a300000, 0x000000008a400000|  0%| F|  |TAMS 0x000000008a300000, 0x000000008a300000| Untracked 
| 100|0x000000008a400000, 0x000000008a400000, 0x000000008a500000|  0%| F|  |TAMS 0x000000008a400000, 0x000000008a400000| Untracked 
| 101|0x000000008a500000, 0x000000008a500000, 0x000000008a600000|  0%| F|  |TAMS 0x000000008a500000, 0x000000008a500000| Untracked 
| 102|0x000000008a600000, 0x000000008a600000, 0x000000008a700000|  0%| F|  |TAMS 0x000000008a600000, 0x000000008a600000| Untracked 
| 103|0x000000008a700000, 0x000000008a700000, 0x000000008a800000|  0%| F|  |TAMS 0x000000008a700000, 0x000000008a700000| Untracked 
| 104|0x000000008a800000, 0x000000008a800000, 0x000000008a900000|  0%| F|  |TAMS 0x000000008a800000, 0x000000008a800000| Untracked 
| 105|0x000000008a900000, 0x000000008a900000, 0x000000008aa00000|  0%| F|  |TAMS 0x000000008a900000, 0x000000008a900000| Untracked 
| 106|0x000000008aa00000, 0x000000008aa00000, 0x000000008ab00000|  0%| F|  |TAMS 0x000000008aa00000, 0x000000008aa00000| Untracked 
| 107|0x000000008ab00000, 0x000000008ab00000, 0x000000008ac00000|  0%| F|  |TAMS 0x000000008ab00000, 0x000000008ab00000| Untracked 
| 108|0x000000008ac00000, 0x000000008ac00000, 0x000000008ad00000|  0%| F|  |TAMS 0x000000008ac00000, 0x000000008ac00000| Untracked 
| 109|0x000000008ad00000, 0x000000008ad00000, 0x000000008ae00000|  0%| F|  |TAMS 0x000000008ad00000, 0x000000008ad00000| Untracked 
| 110|0x000000008ae00000, 0x000000008ae00000, 0x000000008af00000|  0%| F|  |TAMS 0x000000008ae00000, 0x000000008ae00000| Untracked 
| 111|0x000000008af00000, 0x000000008af00000, 0x000000008b000000|  0%| F|  |TAMS 0x000000008af00000, 0x000000008af00000| Untracked 
| 112|0x000000008b000000, 0x000000008b000000, 0x000000008b100000|  0%| F|  |TAMS 0x000000008b000000, 0x000000008b000000| Untracked 
| 113|0x000000008b100000, 0x000000008b100000, 0x000000008b200000|  0%| F|  |TAMS 0x000000008b100000, 0x000000008b100000| Untracked 
| 114|0x000000008b200000, 0x000000008b200000, 0x000000008b300000|  0%| F|  |TAMS 0x000000008b200000, 0x000000008b200000| Untracked 
| 115|0x000000008b300000, 0x000000008b300000, 0x000000008b400000|  0%| F|  |TAMS 0x000000008b300000, 0x000000008b300000| Untracked 
| 116|0x000000008b400000, 0x000000008b400000, 0x000000008b500000|  0%| F|  |TAMS 0x000000008b400000, 0x000000008b400000| Untracked 
| 117|0x000000008b500000, 0x000000008b500000, 0x000000008b600000|  0%| F|  |TAMS 0x000000008b500000, 0x000000008b500000| Untracked 
| 118|0x000000008b600000, 0x000000008b6f64b8, 0x000000008b700000| 96%| E|  |TAMS 0x000000008b600000, 0x000000008b600000| Complete 
| 119|0x000000008b700000, 0x000000008b800000, 0x000000008b800000|100%| E|CS|TAMS 0x000000008b700000, 0x000000008b700000| Complete 
| 120|0x000000008b800000, 0x000000008b900000, 0x000000008b900000|100%| E|CS|TAMS 0x000000008b800000, 0x000000008b800000| Complete 
| 121|0x000000008b900000, 0x000000008ba00000, 0x000000008ba00000|100%| E|CS|TAMS 0x000000008b900000, 0x000000008b900000| Complete 
| 122|0x000000008ba00000, 0x000000008bb00000, 0x000000008bb00000|100%| E|CS|TAMS 0x000000008ba00000, 0x000000008ba00000| Complete 
| 123|0x000000008bb00000, 0x000000008bc00000, 0x000000008bc00000|100%| E|CS|TAMS 0x000000008bb00000, 0x000000008bb00000| Complete 

Card table byte_map: [0x00000277f8c20000,0x00000277f9000000] _byte_map_base: 0x00000277f8800000

Marking Bits (Prev, Next): (CMBitMap*) 0x00000277e1e98b98, (CMBitMap*) 0x00000277e1e98bd0
 Prev Bits: [0x00000277f93e0000, 0x00000277fb2e0000)
 Next Bits: [0x00000277fb2e0000, 0x00000277fd1e0000)

Polling page: 0x00000277dfd90000

Metaspace:

Usage:
  Non-class:      7.26 MB capacity,     7.14 MB ( 98%) used,   120.48 KB (  2%) free+waste,     6.75 KB ( <1%) overhead. 
      Class:    784.00 KB capacity,   752.38 KB ( 96%) used,    28.43 KB (  4%) free+waste,     3.19 KB ( <1%) overhead. 
       Both:      8.03 MB capacity,     7.87 MB ( 98%) used,   148.91 KB (  2%) free+waste,     9.94 KB ( <1%) overhead. 

Virtual space:
  Non-class space:        8.00 MB reserved,       7.50 MB ( 94%) committed 
      Class space:        1.00 GB reserved,     896.00 KB ( <1%) committed 
             Both:        1.01 GB reserved,       8.38 MB ( <1%) committed 

Chunk freelists:
   Non-Class:  6.75 KB
       Class:  2.00 KB
        Both:  8.75 KB

CodeHeap 'non-profiled nmethods': size=120000Kb used=113Kb max_used=113Kb free=119886Kb
 bounds [0x00000277f0fd0000, 0x00000277f1240000, 0x00000277f8500000]
CodeHeap 'profiled nmethods': size=120000Kb used=566Kb max_used=566Kb free=119433Kb
 bounds [0x00000277e9aa0000, 0x00000277e9d10000, 0x00000277f0fd0000]
CodeHeap 'non-nmethods': size=5760Kb used=1070Kb max_used=1082Kb free=4689Kb
 bounds [0x00000277e9500000, 0x00000277e9770000, 0x00000277e9aa0000]
 total_blobs=759 nmethods=406 adapters=265
 compilation: enabled
              stopped_count=0, restarted_count=0
 full_count=0

Compilation events (10 events):
Event: 0.460 Thread 0x00000277ffc5a800 nmethod 400 0x00000277e9b2cc90 code [0x00000277e9b2ce40, 0x00000277e9b2d098]
Event: 0.460 Thread 0x00000277ffc5a800  403       3       java.util.ArrayDeque::inc (12 bytes)
Event: 0.460 Thread 0x00000277ffc5a800 nmethod 403 0x00000277e9b2d290 code [0x00000277e9b2d420, 0x00000277e9b2d538]
Event: 0.463 Thread 0x00000277809f4000  404       4       java.util.zip.ZipUtils::LG (22 bytes)
Event: 0.465 Thread 0x00000277809f4000 nmethod 404 0x00000277f0febd10 code [0x00000277f0febe80, 0x00000277f0febf58]
Event: 0.466 Thread 0x00000277ffc5a800  405       3       sun.net.www.protocol.file.Handler::parseURL (18 bytes)
Event: 0.466 Thread 0x00000277ffc5a800 nmethod 405 0x00000277e9b2d610 code [0x00000277e9b2d7c0, 0x00000277e9b2d958]
Event: 0.466 Thread 0x00000277ffc5a800  406       3       java.net.URLStreamHandler::parseURL (1201 bytes)
Event: 0.467 Thread 0x00000277809f4000  408       4       java.lang.String::indexOf (29 bytes)
Event: 0.467 Thread 0x00000277ffc57800  409       4       java.lang.String::startsWith (138 bytes)

GC Heap History (0 events):
No events

Deoptimization events (2 events):
Event: 0.283 Thread 0x00000277e1e5b000 Uncommon trap: reason=unstable_if action=reinterpret pc=0x00000277f0fdcf54 method=java.util.HashMap.putVal(ILjava/lang/Object;Ljava/lang/Object;ZZ)Ljava/lang/Object; @ 181 c2
Event: 0.385 Thread 0x00000277e1e5b000 Uncommon trap: reason=unstable_if action=reinterpret pc=0x00000277f0fd12f0 method=java.lang.String.isLatin1()Z @ 10 c2

Classes redefined (0 events):
No events

Internal exceptions (2 events):
Event: 0.323 Thread 0x00000277e1e5b000 Exception <a 'java/io/FileNotFoundException'{0x000000008b8dcb48}> (0x000000008b8dcb48) thrown at [./open/src/hotspot/share/prims/jni.cpp, line 611]
Event: 0.346 Thread 0x00000277e1e5b000 Exception <a 'java/lang/NoSuchMethodError'{0x000000008b7181e0}: java.lang.invoke.DirectMethodHandle$Holder.invokeSpecialIFC(Ljava/lang/Object;Ljava/lang/Object;I)I> (0x000000008b7181e0) thrown at [./open/src/hotspot/share/interpreter/linkResolver.cpp, lin

Events (10 events):
Event: 0.467 loading class org/junit/validator/TestClassValidator
Event: 0.467 loading class org/junit/validator/TestClassValidator done
Event: 0.468 loading class org/junit/internal/runners/statements/ExpectException
Event: 0.468 loading class org/junit/internal/runners/statements/ExpectException done
Event: 0.469 loading class org/junit/internal/runners/statements/FailOnTimeout
Event: 0.469 loading class org/junit/internal/runners/statements/FailOnTimeout done
Event: 0.469 Thread 0x00000277e1e5b000 DEOPT PACKING pc=0x00000277e9ae3550 sp=0x000000a50c9fcba0
Event: 0.469 Thread 0x00000277e1e5b000 DEOPT UNPACKING pc=0x00000277e9527c0e sp=0x000000a50c9fc028 mode 0
Event: 0.471 loading class org/junit/runners/BlockJUnit4ClassRunner$1
Event: 0.471 loading class org/junit/runners/BlockJUnit4ClassRunner$1 done


Dynamic libraries:
0x00007ff6f0d50000 - 0x00007ff6f0d5f000 	C:\Program Files\Java\jdk-11.0.16.1\bin\java.exe
0x00007ffb5d0f0000 - 0x00007ffb5d304000 	C:\WINDOWS\SYSTEM32\ntdll.dll
0x00007ffb5bbd0000 - 0x00007ffb5bc92000 	C:\WINDOWS\System32\KERNEL32.DLL
0x00007ffb5a630000 - 0x00007ffb5a9d3000 	C:\WINDOWS\System32\KERNELBASE.dll
0x00007ffb5add0000 - 0x00007ffb5aee1000 	C:\WINDOWS\System32\ucrtbase.dll
0x00007ffb4a0d0000 - 0x00007ffb4a0e5000 	C:\Program Files\Java\jdk-11.0.16.1\bin\VCRUNTIME140.dll
0x00007ffb4aa00000 - 0x00007ffb4aa18000 	C:\Program Files\Java\jdk-11.0.16.1\bin\jli.dll
0x00007ffb5cd40000 - 0x00007ffb5cdee000 	C:\WINDOWS\System32\ADVAPI32.dll
0x00007ffb5bd80000 - 0x00007ffb5be27000 	C:\WINDOWS\System32\msvcrt.dll
0x00007ffb5bb20000 - 0x00007ffb5bbc4000 	C:\WINDOWS\System32\sechost.dll
0x00007ffb5cdf0000 - 0x00007ffb5cf07000 	C:\WINDOWS\System32\RPCRT4.dll
0x00007ffb5c0b0000 - 0x00007ffb5c25b000 	C:\WINDOWS\System32\USER32.dll
0x00007ffb5abc0000 - 0x00007ffb5abe6000 	C:\WINDOWS\System32\win32u.dll
0x00007ffb5cac0000 - 0x00007ffb5cae9000 	C:\WINDOWS\System32\GDI32.dll
0x00007ffb47d50000 - 0x00007ffb47fde000 	C:\WINDOWS\WinSxS\amd64_microsoft.windows.common-controls_6595b64144ccf1df_6.0.22621.1635_none_270f70857386168e\COMCTL32.dll
0x00007ffb5a510000 - 0x00007ffb5a628000 	C:\WINDOWS\System32\gdi32full.dll
0x00007ffb5ac70000 - 0x00007ffb5ad0a000 	C:\WINDOWS\System32\msvcp_win.dll
0x00007ffb53530000 - 0x00007ffb5353a000 	C:\WINDOWS\SYSTEM32\VERSION.dll
0x00007ffb5c070000 - 0x00007ffb5c0a1000 	C:\WINDOWS\System32\IMM32.DLL
0x00007ffb21390000 - 0x00007ffb2142b000 	C:\Program Files\Java\jdk-11.0.16.1\bin\msvcp140.dll
0x00007ffb0a0d0000 - 0x00007ffb0abe8000 	C:\Program Files\Java\jdk-11.0.16.1\bin\server\jvm.dll
0x00007ffb5b3e0000 - 0x00007ffb5b3e8000 	C:\WINDOWS\System32\PSAPI.DLL
0x00007ffb53e40000 - 0x00007ffb53e74000 	C:\WINDOWS\SYSTEM32\WINMM.dll
0x00007ffb442e0000 - 0x00007ffb442e9000 	C:\WINDOWS\SYSTEM32\WSOCK32.dll
0x00007ffb5be30000 - 0x00007ffb5bea1000 	C:\WINDOWS\System32\WS2_32.dll
0x00007ffb59560000 - 0x00007ffb59578000 	C:\WINDOWS\SYSTEM32\kernel.appcore.dll
0x00007ffb4adb0000 - 0x00007ffb4adc0000 	C:\Program Files\Java\jdk-11.0.16.1\bin\verify.dll
0x00007ffb57e40000 - 0x00007ffb5806e000 	C:\WINDOWS\SYSTEM32\DBGHELP.DLL
0x00007ffb5b050000 - 0x00007ffb5b3d9000 	C:\WINDOWS\System32\combase.dll
0x00007ffb5af70000 - 0x00007ffb5b047000 	C:\WINDOWS\System32\OLEAUT32.dll
0x00007ffb44310000 - 0x00007ffb44342000 	C:\WINDOWS\SYSTEM32\dbgcore.DLL
0x00007ffb5abf0000 - 0x00007ffb5ac6b000 	C:\WINDOWS\System32\bcryptPrimitives.dll
0x00007ffb2dbe0000 - 0x00007ffb2dc08000 	C:\Program Files\Java\jdk-11.0.16.1\bin\java.dll
0x00007ffb4ad30000 - 0x00007ffb4ad3a000 	C:\Program Files\Java\jdk-11.0.16.1\bin\jimage.dll
0x00007ffb4bc00000 - 0x00007ffb4bc0e000 	C:\Program Files\Java\jdk-11.0.16.1\bin\instrument.dll
0x00007ffb42b20000 - 0x00007ffb42b36000 	C:\Program Files\Java\jdk-11.0.16.1\bin\zip.dll
0x00007ffb5c2c0000 - 0x00007ffb5caba000 	C:\WINDOWS\System32\SHELL32.dll
0x00007ffb58510000 - 0x00007ffb58dde000 	C:\WINDOWS\SYSTEM32\windows.storage.dll
0x00007ffb583d0000 - 0x00007ffb5850e000 	C:\WINDOWS\SYSTEM32\wintypes.dll
0x00007ffb5b8e0000 - 0x00007ffb5b9d1000 	C:\WINDOWS\System32\SHCORE.dll
0x00007ffb5bca0000 - 0x00007ffb5bcfe000 	C:\WINDOWS\System32\shlwapi.dll
0x00007ffb5a440000 - 0x00007ffb5a461000 	C:\WINDOWS\SYSTEM32\profapi.dll
0x00007ffb42930000 - 0x00007ffb42949000 	C:\Program Files\Java\jdk-11.0.16.1\bin\net.dll
0x00007ffb53320000 - 0x00007ffb53457000 	C:\WINDOWS\SYSTEM32\WINHTTP.dll
0x00007ffb599d0000 - 0x00007ffb59a39000 	C:\WINDOWS\system32\mswsock.dll
0x00007ffb41f60000 - 0x00007ffb41f72000 	C:\Program Files\Java\jdk-11.0.16.1\bin\nio.dll
0x00007ffb33280000 - 0x00007ffb3329a000 	C:\Program Files\JetBrains\IntelliJ IDEA Community Edition 2022.3.2\bin\breakgen64.dll

dbghelp: loaded successfully - version: 4.0.5 - missing functions: none
symbol engine: initialized successfully - sym options: 0x614 - pdb path: .;C:\Program Files\Java\jdk-11.0.16.1\bin;C:\WINDOWS\SYSTEM32;C:\WINDOWS\WinSxS\amd64_microsoft.windows.common-controls_6595b64144ccf1df_6.0.22621.1635_none_270f70857386168e;C:\Program Files\Java\jdk-11.0.16.1\bin\server;C:\Program Files\JetBrains\IntelliJ IDEA Community Edition 2022.3.2\bin

VM Arguments:
jvm_args: -ea -Duser.language=en -Didea.test.cyclic.buffer.size=1048576 -javaagent:C:\Program Files\JetBrains\IntelliJ IDEA Community Edition 2022.3.2\lib\idea_rt.jar=49906:C:\Program Files\JetBrains\IntelliJ IDEA Community Edition 2022.3.2\bin -Dfile.encoding=UTF-8 
java_command: com.intellij.rt.junit.JUnitStarter -ideVersion5 -junit4 Exercises.Assiment_Patch,pathRequest
java_class_path (initial): C:\Program Files\JetBrains\IntelliJ IDEA Community Edition 2022.3.2\lib\idea_rt.jar;C:\Program Files\JetBrains\IntelliJ IDEA Community Edition 2022.3.2\plugins\junit\lib\junit5-rt.jar;C:\Program Files\JetBrains\IntelliJ IDEA Community Edition 2022.3.2\plugins\junit\lib\junit-rt.jar;C:\Users\nurik\IdeaProjects\APIExercises\target\test-classes;C:\Users\nurik\IdeaProjects\APIExercises\target\classes;C:\Users\nurik\.m2\repository\io\rest-assured\rest-assured\5.3.0\rest-assured-5.3.0.jar;C:\Users\nurik\.m2\repository\org\apache\groovy\groovy\4.0.6\groovy-4.0.6.jar;C:\Users\nurik\.m2\repository\org\apache\groovy\groovy-xml\4.0.6\groovy-xml-4.0.6.jar;C:\Users\nurik\.m2\repository\org\apache\httpcomponents\httpclient\4.5.13\httpclient-4.5.13.jar;C:\Users\nurik\.m2\repository\org\apache\httpcomponents\httpcore\4.4.13\httpcore-4.4.13.jar;C:\Users\nurik\.m2\repository\commons-logging\commons-logging\1.2\commons-logging-1.2.jar;C:\Users\nurik\.m2\repository\commons-codec\commons-codec\1.11\commons-codec-1.11.jar;C:\Users\nurik\.m2\repository\org\apache\httpcomponents\httpmime\4.5.13\httpmime-4.5.13.jar;C:\Users\nurik\.m2\repository\org\hamcrest\hamcrest\2.1\hamcrest-2.1.jar;C:\Users\nurik\.m2\repository\org\ccil\cowan\tagsoup\tagsoup\1.2.1\tagsoup-1.2.1.jar;C:\Users\nurik\.m2\repository\io\rest-assured\json-path\5.3.0\json-path-5.3.0.jar;C:\Users\nurik\.m2\repository\org\apache\groovy\groovy-json\4.0.6\groovy-json-4.0.6.jar;C:\Users\nurik\.m2\repository\io\rest-assured\rest-assured-common\5.3.0\rest-assured-common-5.3.0.jar;C:\Users\nurik\.m2\repository\io\rest-assured\xml-path\5.3.0\xml-path-5.3.0.jar;C:\Users\nurik\.m2\repository\org\apache\commons\commons-lang3\3.11\commons-lang3-3.11.jar;C:\Users\nurik\.m2\repository\junit\junit\4.13.2\junit-4.13.2.jar;C:\Users\nurik\.m2\repository\org\hamcrest\hamcrest-core\1.3\hamcrest-core-1.3.jar;C:\Users\nurik\.m2\repository\org\testng\testng\7.7.1\testng-7.7.1.jar;C:\Users\nurik\.m2\repository\org\slf4j\sl
Launcher Type: SUN_STANDARD

[Global flags]
     intx CICompilerCount                          = 4                                         {product} {ergonomic}
     uint ConcGCThreads                            = 2                                         {product} {ergonomic}
     uint G1ConcRefinementThreads                  = 8                                         {product} {ergonomic}
   size_t G1HeapRegionSize                         = 1048576                                   {product} {ergonomic}
    uintx GCDrainStackTargetSize                   = 64                                        {product} {ergonomic}
   size_t InitialHeapSize                          = 130023424                                 {product} {ergonomic}
   size_t MarkStackSize                            = 4194304                                   {product} {ergonomic}
   size_t MaxHeapSize                              = 2080374784                                {product} {ergonomic}
   size_t MaxNewSize                               = 1247805440                                {product} {ergonomic}
   size_t MinHeapDeltaBytes                        = 1048576                                   {product} {ergonomic}
    uintx NonNMethodCodeHeapSize                   = 5836300                                {pd product} {ergonomic}
    uintx NonProfiledCodeHeapSize                  = 122910970                              {pd product} {ergonomic}
    uintx ProfiledCodeHeapSize                     = 122910970                              {pd product} {ergonomic}
    uintx ReservedCodeCacheSize                    = 251658240                              {pd product} {ergonomic}
     bool SegmentedCodeCache                       = true                                      {product} {ergonomic}
     bool UseCompressedClassPointers               = true                                 {lp64_product} {ergonomic}
     bool UseCompressedOops                        = true                                 {lp64_product} {ergonomic}
     bool UseG1GC                                  = true                                      {product} {ergonomic}
     bool UseLargePagesIndividualAllocation        = false                                  {pd product} {ergonomic}

Logging:
Log output configuration:
 #0: stdout all=warning uptime,level,tags
 #1: stderr all=off uptime,level,tags

Environment Variables:
JAVA_HOME=C:\Program Files\Java\jdk-11.0.16.1
PATH=C:\Program Files\Common Files\Oracle\Java\javapath;C:\WINDOWS\system32;C:\WINDOWS;C:\WINDOWS\System32\Wbem;C:\WINDOWS\System32\WindowsPowerShell\v1.0\;C:\WINDOWS\System32\OpenSSH\;C:\Program Files\Git\cmd;C:\Program Files\GitHub CLI\;C:\Users\nurik\AppData\Local\Microsoft\WindowsApps;C:\Program Files\Java\jdk-11.0.16.1\bin;C:\Users\nurik\AppData\Local\Programs\Microsoft VS Code\bin;C:\Users\nurik\AppData\Local\gitkraken\bin
USERNAME=nurik
OS=Windows_NT
PROCESSOR_IDENTIFIER=Intel64 Family 6 Model 126 Stepping 5, GenuineIntel



---------------  S Y S T E M  ---------------

OS: Windows 11 , 64 bit Build 22621 (10.0.22621.1635)

CPU:total 8 (initial active 8) (4 cores per cpu, 2 threads per core) family 6 model 126 stepping 5 microcode 0xa6, cmov, cx8, fxsr, mmx, sse, sse2, sse3, ssse3, sse4.1, sse4.2, popcnt, avx, avx2, aes, clmul, erms, 3dnowpref, lzcnt, ht, tsc, tscinvbit, bmi1, bmi2, adx, evex, sha, fma

Memory: 4k page, system-wide physical 7932M (504M free)
TotalPageFile size 19080M (AvailPageFile size 0M)
current process WorkingSet (physical memory assigned to process): 46M, peak: 46M
current process commit charge ("private bytes"): 209M, peak: 209M

vm_info: Java HotSpot(TM) 64-Bit Server VM (11.0.16.1+1-LTS-1) for windows-amd64 JRE (11.0.16.1+1-LTS-1), built on Aug 16 2022 01:46:01 by "mach5one" with MS VC++ 15.9 (VS2017)

END.
